Copyright 1986-2019 Xilinx, Inc. All Rights Reserved.
-----------------------------------------------------------------------------------------------------------------------------------------------------------------------------------
| Tool Version : Vivado v.2019.2 (win64) Build 2708876 Wed Nov  6 21:40:23 MST 2019
| Date         : Thu Jul 16 13:31:38 2026
| Host         : lhm running 64-bit major release  (build 9200)
| Command      : report_timing_summary -delay_type max -report_unconstrained -file C:/lhming/2_Work/4-FPT/FPT_B_QK_Softmax_Delivery_v3/reports/frontend_only/post_synth_timing.rpt
| Design       : qk_softmax_frontend
| Device       : 7a35t-cpg236
| Speed File   : -1  PRODUCTION 1.23 2018-06-13
-----------------------------------------------------------------------------------------------------------------------------------------------------------------------------------

Timing Summary Report

------------------------------------------------------------------------------------------------
| Timer Settings
| --------------
------------------------------------------------------------------------------------------------

  Enable Multi Corner Analysis               :  Yes
  Enable Pessimism Removal                   :  Yes
  Pessimism Removal Resolution               :  Nearest Common Node
  Enable Input Delay Default Clock           :  No
  Enable Preset / Clear Arcs                 :  No
  Disable Flight Delays                      :  No
  Ignore I/O Paths                           :  No
  Timing Early Launch at Borrowing Latches   :  No
  Borrow Time for Max Delay Exceptions       :  Yes
  Merge Timing Exceptions                    :  Yes

  Corner  Analyze    Analyze    
  Name    Max Paths  Min Paths  
  ------  ---------  ---------  
  Slow    Yes        Yes        
  Fast    Yes        Yes        



check_timing report

Table of Contents
-----------------
1. checking no_clock
2. checking constant_clock
3. checking pulse_width_clock
4. checking unconstrained_internal_endpoints
5. checking no_input_delay
6. checking no_output_delay
7. checking multiple_clock
8. checking generated_clocks
9. checking loops
10. checking partial_input_delay
11. checking partial_output_delay
12. checking latch_loops

1. checking no_clock
--------------------
 There are 0 register/latch pins with no clock.


2. checking constant_clock
--------------------------
 There are 0 register/latch pins with constant_clock.


3. checking pulse_width_clock
-----------------------------
 There are 0 register/latch pins which need pulse_width check


4. checking unconstrained_internal_endpoints
--------------------------------------------
 There are 0 pins that are not constrained for maximum delay.

 There are 0 pins that are not constrained for maximum delay due to constant clock.


5. checking no_input_delay
--------------------------
 There are 37 input ports with no input delay specified. (HIGH)

 There are 0 input ports with no input delay but user has a false path constraint.


6. checking no_output_delay
---------------------------
 There are 41 ports with no output delay specified. (HIGH)

 There are 0 ports with no output delay but user has a false path constraint

 There are 0 ports with no output delay but with a timing clock defined on it or propagating through it


7. checking multiple_clock
--------------------------
 There are 0 register/latch pins with multiple clocks.


8. checking generated_clocks
----------------------------
 There are 0 generated clocks that are not connected to a clock source.


9. checking loops
-----------------
 There are 0 combinational loops in the design.


10. checking partial_input_delay
--------------------------------
 There are 0 input ports with partial input delay specified.


11. checking partial_output_delay
---------------------------------
 There are 0 ports with partial output delay specified.


12. checking latch_loops
------------------------
 There are 0 combinational latch loops in the design through latch input



------------------------------------------------------------------------------------------------
| Design Timing Summary
| ---------------------
------------------------------------------------------------------------------------------------

    WNS(ns)      TNS(ns)  TNS Failing Endpoints  TNS Total Endpoints     WPWS(ns)     TPWS(ns)  TPWS Failing Endpoints  TPWS Total Endpoints  
    -------      -------  ---------------------  -------------------     --------     --------  ----------------------  --------------------  
     -7.904     -798.613                    154                 3058        3.750        0.000                       0                   618  


Timing constraints are not met.


------------------------------------------------------------------------------------------------
| Clock Summary
| -------------
------------------------------------------------------------------------------------------------

Clock  Waveform(ns)       Period(ns)      Frequency(MHz)
-----  ------------       ----------      --------------
clk    {0.000 5.000}      10.000          100.000         


------------------------------------------------------------------------------------------------
| Intra Clock Table
| -----------------
------------------------------------------------------------------------------------------------

Clock             WNS(ns)      TNS(ns)  TNS Failing Endpoints  TNS Total Endpoints     WPWS(ns)     TPWS(ns)  TPWS Failing Endpoints  TPWS Total Endpoints  
-----             -------      -------  ---------------------  -------------------     --------     --------  ----------------------  --------------------  
clk                -7.904     -798.613                    154                 3058        3.750        0.000                       0                   618  


------------------------------------------------------------------------------------------------
| Inter Clock Table
| -----------------
------------------------------------------------------------------------------------------------

From Clock    To Clock          WNS(ns)      TNS(ns)  TNS Failing Endpoints  TNS Total Endpoints  
----------    --------          -------      -------  ---------------------  -------------------  


------------------------------------------------------------------------------------------------
| Other Path Groups Table
| -----------------------
------------------------------------------------------------------------------------------------

Path Group    From Clock    To Clock          WNS(ns)      TNS(ns)  TNS Failing Endpoints  TNS Total Endpoints  
----------    ----------    --------          -------      -------  ---------------------  -------------------  


------------------------------------------------------------------------------------------------
| User Ignored Path Table
| -----------------------
------------------------------------------------------------------------------------------------

Path Group    From Clock    To Clock    
----------    ----------    --------    


------------------------------------------------------------------------------------------------
| Unconstrained Path Table
| ------------------------
------------------------------------------------------------------------------------------------

Path Group    From Clock    To Clock    
----------    ----------    --------    
(none)                                    
(none)        clk                         
(none)                      clk           


------------------------------------------------------------------------------------------------
| Timing Details
| --------------
------------------------------------------------------------------------------------------------


---------------------------------------------------------------------------------------------------
From Clock:  clk
  To Clock:  clk

Setup :          154  Failing Endpoints,  Worst Slack       -7.904ns,  Total Violation     -798.613ns
Hold  :           NA  Failing Endpoints,  Worst Slack           NA  ,  Total Violation           NA
PW    :            0  Failing Endpoints,  Worst Slack        3.750ns,  Total Violation        0.000ns
---------------------------------------------------------------------------------------------------


Max Delay Paths
--------------------------------------------------------------------------------------
Slack (VIOLATED) :        -7.904ns  (required time - arrival time)
  Source:                 u_adapter/u_rowtile_buffer/out_data_reg_reg[8]/C
                            (rising edge-triggered cell FDRE clocked by clk  {rise@0.000ns fall@5.000ns period=10.000ns})
  Destination:            u_softmax/max_score_reg[0]/CE
                            (rising edge-triggered cell FDRE clocked by clk  {rise@0.000ns fall@5.000ns period=10.000ns})
  Path Group:             clk
  Path Type:              Setup (Max at Slow Process Corner)
  Requirement:            10.000ns  (clk rise@10.000ns - clk rise@0.000ns)
  Data Path Delay:        17.522ns  (logic 8.710ns (49.709%)  route 8.812ns (50.291%))
  Logic Levels:           44  (CARRY4=32 LUT2=1 LUT3=2 LUT4=1 LUT5=2 LUT6=6)
  Clock Path Skew:        -0.145ns (DCD - SCD + CPR)
    Destination Clock Delay (DCD):    2.079ns = ( 12.079 - 10.000 ) 
    Source Clock Delay      (SCD):    2.402ns
    Clock Pessimism Removal (CPR):    0.178ns
  Clock Uncertainty:      0.035ns  ((TSJ^2 + TIJ^2)^1/2 + DJ) / 2 + PE
    Total System Jitter     (TSJ):    0.071ns
    Total Input Jitter      (TIJ):    0.000ns
    Discrete Jitter          (DJ):    0.000ns
    Phase Error              (PE):    0.000ns

    Location             Delay type                Incr(ns)  Path(ns)    Netlist Resource(s)
  -------------------------------------------------------------------    -------------------
                         (clock clk rise edge)        0.000     0.000 r  
                                                      0.000     0.000 r  clk (IN)
                         net (fo=0)                   0.000     0.000    clk
                         IBUF (Prop_ibuf_I_O)         0.923     0.923 r  clk_IBUF_inst/O
                         net (fo=1, unplaced)         0.800     1.722    clk_IBUF
                         BUFG (Prop_bufg_I_O)         0.096     1.818 r  clk_IBUF_BUFG_inst/O
                         net (fo=619, unplaced)       0.584     2.402    u_adapter/u_rowtile_buffer/clk_IBUF_BUFG
                         FDRE                                         r  u_adapter/u_rowtile_buffer/out_data_reg_reg[8]/C
  -------------------------------------------------------------------    -------------------
                         FDRE (Prop_fdre_C_Q)         0.456     2.858 f  u_adapter/u_rowtile_buffer/out_data_reg_reg[8]/Q
                         net (fo=63, unplaced)        0.829     3.687    u_adapter/u_rowtile_buffer/row_data[8]
                         LUT3 (Prop_lut3_I0_O)        0.295     3.982 r  u_adapter/u_rowtile_buffer/i__carry__0_i_6__1/O
                         net (fo=13, unplaced)        0.499     4.481    u_adapter/u_rowtile_buffer/i__carry__0_i_6__1_n_0
                         LUT6 (Prop_lut6_I5_O)        0.124     4.605 r  u_adapter/u_rowtile_buffer/i__carry__0_i_1__1/O
                         net (fo=1, unplaced)         0.473     5.078    u_softmax/score_mem_reg_0_63_0_2_i_60_0[0]
                         CARRY4 (Prop_carry4_DI[3]_CO[3])
                                                      0.385     5.463 r  u_softmax/magnitude1_inferred__0/i__carry__0/CO[3]
                         net (fo=1, unplaced)         0.000     5.463    u_softmax/magnitude1_inferred__0/i__carry__0_n_0
                         CARRY4 (Prop_carry4_CI_CO[3])
                                                      0.114     5.577 r  u_softmax/magnitude1_inferred__0/i__carry__1/CO[3]
                         net (fo=1, unplaced)         0.000     5.577    u_softmax/magnitude1_inferred__0/i__carry__1_n_0
                         CARRY4 (Prop_carry4_CI_CO[3])
                                                      0.114     5.691 r  u_softmax/magnitude1_inferred__0/i__carry__2/CO[3]
                         net (fo=1, unplaced)         0.000     5.691    u_softmax/magnitude1_inferred__0/i__carry__2_n_0
                         CARRY4 (Prop_carry4_CI_CO[3])
                                                      0.114     5.805 r  u_softmax/magnitude1_inferred__0/i__carry__3/CO[3]
                         net (fo=1, unplaced)         0.000     5.805    u_softmax/magnitude1_inferred__0/i__carry__3_n_0
                         CARRY4 (Prop_carry4_CI_CO[3])
                                                      0.114     5.919 r  u_softmax/magnitude1_inferred__0/i__carry__4/CO[3]
                         net (fo=1, unplaced)         0.000     5.919    u_softmax/magnitude1_inferred__0/i__carry__4_n_0
                         CARRY4 (Prop_carry4_CI_CO[3])
                                                      0.114     6.033 r  u_softmax/magnitude1_inferred__0/i__carry__5/CO[3]
                         net (fo=1, unplaced)         0.000     6.033    u_softmax/magnitude1_inferred__0/i__carry__5_n_0
                         CARRY4 (Prop_carry4_CI_CO[3])
                                                      0.114     6.147 r  u_softmax/magnitude1_inferred__0/i__carry__6/CO[3]
                         net (fo=1, unplaced)         0.000     6.147    u_softmax/magnitude1_inferred__0/i__carry__6_n_0
                         CARRY4 (Prop_carry4_CI_CO[3])
                                                      0.114     6.261 r  u_softmax/magnitude1_inferred__0/i__carry__7/CO[3]
                         net (fo=1, unplaced)         0.000     6.261    u_softmax/magnitude1_inferred__0/i__carry__7_n_0
                         CARRY4 (Prop_carry4_CI_CO[3])
                                                      0.114     6.375 r  u_softmax/magnitude1_inferred__0/i__carry__8/CO[3]
                         net (fo=1, unplaced)         0.000     6.375    u_softmax/magnitude1_inferred__0/i__carry__8_n_0
                         CARRY4 (Prop_carry4_CI_CO[3])
                                                      0.114     6.489 r  u_softmax/magnitude1_inferred__0/i__carry__9/CO[3]
                         net (fo=1, unplaced)         0.000     6.489    u_softmax/magnitude1_inferred__0/i__carry__9_n_0
                         CARRY4 (Prop_carry4_CI_CO[3])
                                                      0.114     6.603 r  u_softmax/magnitude1_inferred__0/i__carry__10/CO[3]
                         net (fo=1, unplaced)         0.000     6.603    u_softmax/magnitude1_inferred__0/i__carry__10_n_0
                         CARRY4 (Prop_carry4_CI_CO[3])
                                                      0.114     6.717 r  u_softmax/magnitude1_inferred__0/i__carry__11/CO[3]
                         net (fo=1, unplaced)         0.000     6.717    u_softmax/magnitude1_inferred__0/i__carry__11_n_0
                         CARRY4 (Prop_carry4_CI_O[3])
                                                      0.329     7.046 f  u_softmax/magnitude1_inferred__0/i__carry__12/O[3]
                         net (fo=5, unplaced)         0.646     7.692    u_softmax/magnitude1_inferred__0/i__carry__12_n_4
                         LUT6 (Prop_lut6_I0_O)        0.307     7.999 f  u_softmax/score_mem_reg_0_63_0_2_i_56/O
                         net (fo=2, unplaced)         0.913     8.912    u_softmax/score_mem_reg_0_63_0_2_i_56_n_0
                         LUT6 (Prop_lut6_I2_O)        0.124     9.036 f  u_softmax/score_mem_reg_0_63_0_2_i_33/O
                         net (fo=6, unplaced)         0.451     9.487    u_softmax/score_mem_reg_0_63_0_2_i_33_n_0
                         LUT3 (Prop_lut3_I0_O)        0.124     9.611 f  u_softmax/score_mem_reg_0_63_0_2_i_66/O
                         net (fo=1, unplaced)         0.449    10.060    u_softmax/score_mem_reg_0_63_0_2_i_66_n_0
                         LUT6 (Prop_lut6_I2_O)        0.124    10.184 f  u_softmax/score_mem_reg_0_63_0_2_i_41/O
                         net (fo=1, unplaced)         0.449    10.633    u_adapter/u_rowtile_buffer/score_mem_reg_0_63_0_2_i_9_7
                         LUT6 (Prop_lut6_I4_O)        0.124    10.757 r  u_adapter/u_rowtile_buffer/score_mem_reg_0_63_0_2_i_25/O
                         net (fo=1, unplaced)         0.665    11.422    u_adapter/u_rowtile_buffer/u_softmax/p_0_in__0[1]
                         CARRY4 (Prop_carry4_S[0]_CO[3])
                                                      0.656    12.078 r  u_adapter/u_rowtile_buffer/score_mem_reg_0_63_0_2_i_9/CO[3]
                         net (fo=1, unplaced)         0.009    12.087    u_adapter/u_rowtile_buffer/score_mem_reg_0_63_0_2_i_9_n_0
                         CARRY4 (Prop_carry4_CI_CO[3])
                                                      0.114    12.201 r  u_adapter/u_rowtile_buffer/score_mem_reg_0_63_3_5_i_7/CO[3]
                         net (fo=1, unplaced)         0.000    12.201    u_adapter/u_rowtile_buffer/score_mem_reg_0_63_3_5_i_7_n_0
                         CARRY4 (Prop_carry4_CI_CO[3])
                                                      0.114    12.315 r  u_adapter/u_rowtile_buffer/score_mem_reg_0_63_9_11_i_5/CO[3]
                         net (fo=1, unplaced)         0.000    12.315    u_adapter/u_rowtile_buffer/score_mem_reg_0_63_9_11_i_5_n_0
                         CARRY4 (Prop_carry4_CI_CO[3])
                                                      0.114    12.429 r  u_adapter/u_rowtile_buffer/score_mem_reg_0_63_12_14_i_6/CO[3]
                         net (fo=1, unplaced)         0.000    12.429    u_adapter/u_rowtile_buffer/score_mem_reg_0_63_12_14_i_6_n_0
                         CARRY4 (Prop_carry4_CI_CO[3])
                                                      0.114    12.543 r  u_adapter/u_rowtile_buffer/score_mem_reg_0_63_15_17_i_7/CO[3]
                         net (fo=1, unplaced)         0.000    12.543    u_adapter/u_rowtile_buffer/score_mem_reg_0_63_15_17_i_7_n_0
                         CARRY4 (Prop_carry4_CI_CO[3])
                                                      0.114    12.657 r  u_adapter/u_rowtile_buffer/score_mem_reg_0_63_21_23_i_5/CO[3]
                         net (fo=1, unplaced)         0.000    12.657    u_adapter/u_rowtile_buffer/score_mem_reg_0_63_21_23_i_5_n_0
                         CARRY4 (Prop_carry4_CI_CO[3])
                                                      0.114    12.771 r  u_adapter/u_rowtile_buffer/i__carry_i_12/CO[3]
                         net (fo=1, unplaced)         0.000    12.771    u_adapter/u_rowtile_buffer/i__carry_i_12_n_0
                         CARRY4 (Prop_carry4_CI_CO[3])
                                                      0.114    12.885 r  u_adapter/u_rowtile_buffer/i__carry_i_10/CO[3]
                         net (fo=1, unplaced)         0.000    12.885    u_adapter/u_rowtile_buffer/i__carry_i_10_n_0
                         CARRY4 (Prop_carry4_CI_CO[3])
                                                      0.114    12.999 r  u_adapter/u_rowtile_buffer/i__carry__0_i_12/CO[3]
                         net (fo=1, unplaced)         0.000    12.999    u_adapter/u_rowtile_buffer/i__carry__0_i_12_n_0
                         CARRY4 (Prop_carry4_CI_CO[3])
                                                      0.114    13.113 r  u_adapter/u_rowtile_buffer/i__carry__0_i_10/CO[3]
                         net (fo=1, unplaced)         0.000    13.113    u_adapter/u_rowtile_buffer/i__carry__0_i_10_n_0
                         CARRY4 (Prop_carry4_CI_CO[3])
                                                      0.114    13.227 r  u_adapter/u_rowtile_buffer/i__carry__1_i_12/CO[3]
                         net (fo=1, unplaced)         0.000    13.227    u_adapter/u_rowtile_buffer/i__carry__1_i_12_n_0
                         CARRY4 (Prop_carry4_CI_CO[3])
                                                      0.114    13.341 r  u_adapter/u_rowtile_buffer/i__carry__1_i_10/CO[3]
                         net (fo=1, unplaced)         0.000    13.341    u_adapter/u_rowtile_buffer/i__carry__1_i_10_n_0
                         CARRY4 (Prop_carry4_CI_CO[3])
                                                      0.114    13.455 r  u_adapter/u_rowtile_buffer/i__carry__2_i_12/CO[3]
                         net (fo=1, unplaced)         0.000    13.455    u_adapter/u_rowtile_buffer/i__carry__2_i_12_n_0
                         CARRY4 (Prop_carry4_CI_O[1])
                                                      0.348    13.803 r  u_adapter/u_rowtile_buffer/i__carry__2_i_10/O[1]
                         net (fo=4, unplaced)         0.635    14.438    u_adapter/u_rowtile_buffer/u_softmax/signed_value3[54]
                         LUT5 (Prop_lut5_I1_O)        0.332    14.770 r  u_adapter/u_rowtile_buffer/i__carry__3_i_4/O
                         net (fo=1, unplaced)         0.000    14.770    u_softmax/signed_value1_inferred__1/i__carry__4_0[0]
                         CARRY4 (Prop_carry4_DI[0]_CO[3])
                                                      0.553    15.323 r  u_softmax/signed_value1_inferred__1/i__carry__3/CO[3]
                         net (fo=1, unplaced)         0.000    15.323    u_softmax/signed_value1_inferred__1/i__carry__3_n_0
                         CARRY4 (Prop_carry4_CI_CO[0])
                                                      0.293    15.616 r  u_softmax/signed_value1_inferred__1/i__carry__4/CO[0]
                         net (fo=5, unplaced)         0.339    15.955    u_softmax/out_data_reg_reg[15][0]
                         LUT2 (Prop_lut2_I0_O)        0.367    16.322 f  u_softmax/score_mem_reg_0_63_0_2_i_10/O
                         net (fo=25, unplaced)        0.514    16.836    u_adapter/u_rowtile_buffer/max_score_reg[1]
                         LUT6 (Prop_lut6_I5_O)        0.124    16.960 r  u_adapter/u_rowtile_buffer/score_mem_reg_0_63_0_2_i_2/O
                         net (fo=5, unplaced)         0.477    17.437    u_softmax/p_1_in[1]
                         LUT4 (Prop_lut4_I1_O)        0.118    17.555 r  u_softmax/max_score1_carry_i_4/O
                         net (fo=1, unplaced)         0.000    17.555    u_softmax/max_score1_carry_i_4_n_0
                         CARRY4 (Prop_carry4_DI[0]_CO[3])
                                                      0.553    18.108 r  u_softmax/max_score1_carry/CO[3]
                         net (fo=1, unplaced)         0.009    18.117    u_softmax/max_score1_carry_n_0
                         CARRY4 (Prop_carry4_CI_CO[3])
                                                      0.114    18.231 r  u_softmax/max_score1_carry__0/CO[3]
                         net (fo=1, unplaced)         0.000    18.231    u_softmax/max_score1_carry__0_n_0
                         CARRY4 (Prop_carry4_CI_CO[3])
                                                      0.114    18.345 r  u_softmax/max_score1_carry__1/CO[3]
                         net (fo=1, unplaced)         0.918    19.263    u_softmax/max_score1
                         LUT5 (Prop_lut5_I2_O)        0.124    19.387 r  u_softmax/max_score[23]_i_1/O
                         net (fo=24, unplaced)        0.537    19.924    u_softmax/max_score[23]_i_1_n_0
                         FDRE                                         r  u_softmax/max_score_reg[0]/CE
  -------------------------------------------------------------------    -------------------

                         (clock clk rise edge)       10.000    10.000 r  
                                                      0.000    10.000 r  clk (IN)
                         net (fo=0)                   0.000    10.000    clk
                         IBUF (Prop_ibuf_I_O)         0.789    10.789 r  clk_IBUF_inst/O
                         net (fo=1, unplaced)         0.760    11.549    clk_IBUF
                         BUFG (Prop_bufg_I_O)         0.091    11.640 r  clk_IBUF_BUFG_inst/O
                         net (fo=619, unplaced)       0.439    12.079    u_softmax/clk_IBUF_BUFG
                         FDRE                                         r  u_softmax/max_score_reg[0]/C
                         clock pessimism              0.178    12.257    
                         clock uncertainty           -0.035    12.222    
                         FDRE (Setup_fdre_C_CE)      -0.202    12.020    u_softmax/max_score_reg[0]
  -------------------------------------------------------------------
                         required time                         12.020    
                         arrival time                         -19.924    
  -------------------------------------------------------------------
                         slack                                 -7.904    





Pulse Width Checks
--------------------------------------------------------------------------------------
Clock Name:         clk
Waveform(ns):       { 0.000 5.000 }
Period(ns):         10.000
Sources:            { clk }

Check Type        Corner  Lib Pin      Reference Pin  Required(ns)  Actual(ns)  Slack(ns)  Location  Pin
Min Period        n/a     BUFG/I       n/a            2.155         10.000      7.845                clk_IBUF_BUFG_inst/I
Low Pulse Width   Slow    RAMD64E/CLK  n/a            1.250         5.000       3.750                u_softmax/exp_mem_reg_0_63_0_2/RAMA/CLK
High Pulse Width  Slow    RAMD64E/CLK  n/a            1.250         5.000       3.750                u_softmax/exp_mem_reg_0_63_0_2/RAMA/CLK



--------------------------------------------------------------------------------------
Path Group:  (none)
From Clock:  
  To Clock:  

Max Delay             2 Endpoints
Min Delay             0 Endpoints
--------------------------------------------------------------------------------------


Max Delay Paths
--------------------------------------------------------------------------------------
Slack:                    inf
  Source:                 qk_valid
                            (input port)
  Destination:            busy
                            (output port)
  Path Group:             (none)
  Path Type:              Max at Slow Process Corner
  Data Path Delay:        6.020ns  (logic 3.756ns (62.388%)  route 2.264ns (37.612%))
  Logic Levels:           4  (IBUF=1 LUT4=1 LUT6=1 OBUF=1)

    Location             Delay type                Incr(ns)  Path(ns)    Netlist Resource(s)
  -------------------------------------------------------------------    -------------------
                                                      0.000     0.000 r  qk_valid (IN)
                         net (fo=0)                   0.000     0.000    qk_valid
                         IBUF (Prop_ibuf_I_O)         0.923     0.923 r  qk_valid_IBUF_inst/O
                         net (fo=4, unplaced)         0.800     1.722    u_adapter/u_rowtile_buffer/qk_valid_IBUF
                         LUT4 (Prop_lut4_I2_O)        0.124     1.846 r  u_adapter/u_rowtile_buffer/busy_OBUF_inst_i_3/O
                         net (fo=1, unplaced)         0.665     2.511    u_softmax/busy_0
                         LUT6 (Prop_lut6_I1_O)        0.124     2.635 r  u_softmax/busy_OBUF_inst_i_1/O
                         net (fo=1, unplaced)         0.800     3.435    busy_OBUF
                         OBUF (Prop_obuf_I_O)         2.585     6.020 r  busy_OBUF_inst/O
                         net (fo=0)                   0.000     6.020    busy
                                                                      r  busy (OUT)
  -------------------------------------------------------------------    -------------------





--------------------------------------------------------------------------------------
Path Group:  (none)
From Clock:  clk
  To Clock:  

Max Delay            41 Endpoints
Min Delay             0 Endpoints
--------------------------------------------------------------------------------------


Max Delay Paths
--------------------------------------------------------------------------------------
Slack:                    inf
  Source:                 u_softmax/out_idx_reg[0]/C
                            (rising edge-triggered cell FDRE clocked by clk  {rise@0.000ns fall@5.000ns period=10.000ns})
  Destination:            prob_data[8]
                            (output port)
  Path Group:             (none)
  Path Type:              Max at Slow Process Corner
  Data Path Delay:        21.379ns  (logic 10.944ns (51.193%)  route 10.434ns (48.807%))
  Logic Levels:           16  (CARRY4=3 DSP48E1=2 LUT1=1 LUT3=1 LUT4=2 LUT5=2 LUT6=3 OBUF=1 RAMD64E=1)
  Clock Uncertainty:      0.025ns  ((TSJ^2 + TIJ^2)^1/2 + DJ) / 2 + PE
    Total System Jitter     (TSJ):    0.050ns
    Total Input Jitter      (TIJ):    0.000ns
    Discrete Jitter          (DJ):    0.000ns
    Phase Error              (PE):    0.000ns

    Location             Delay type                Incr(ns)  Path(ns)    Netlist Resource(s)
  -------------------------------------------------------------------    -------------------
                         (clock clk rise edge)        0.000     0.000 r  
                                                      0.000     0.000 r  clk (IN)
                         net (fo=0)                   0.000     0.000    clk
                         IBUF (Prop_ibuf_I_O)         0.923     0.923 r  clk_IBUF_inst/O
                         net (fo=1, unplaced)         0.800     1.722    clk_IBUF
                         BUFG (Prop_bufg_I_O)         0.096     1.818 r  clk_IBUF_BUFG_inst/O
                         net (fo=619, unplaced)       0.584     2.402    u_softmax/clk_IBUF_BUFG
                         FDRE                                         r  u_softmax/out_idx_reg[0]/C
  -------------------------------------------------------------------    -------------------
                         FDRE (Prop_fdre_C_Q)         0.456     2.858 r  u_softmax/out_idx_reg[0]/Q
                         net (fo=42, unplaced)        1.043     3.901    u_softmax/exp_mem_reg_64_127_15_15/DPRA0
                         RAMD64E (Prop_ramd64e_RADR0_O)
                                                      0.295     4.196 r  u_softmax/exp_mem_reg_64_127_15_15/DP/O
                         net (fo=1, unplaced)         0.902     5.098    u_softmax/exp_mem_reg_64_127_15_15_n_0
                         LUT3 (Prop_lut3_I0_O)        0.124     5.222 r  u_softmax/__14/probability_q153_i_2/O
                         net (fo=2, unplaced)         0.800     6.022    u_softmax/probability_q154[15]
                         DSP48E1 (Prop_dsp48e1_B[15]_PCOUT[47])
                                                      3.851     9.873 r  u_softmax/probability_q153/PCOUT[47]
                         net (fo=1, unplaced)         0.055     9.928    u_softmax/probability_q153_n_106
                         DSP48E1 (Prop_dsp48e1_PCIN[47]_P[12])
                                                      1.518    11.446 f  u_softmax/probability_q153__0/P[12]
                         net (fo=2, unplaced)         0.800    12.246    u_softmax/probability_q153__0_n_93
                         LUT1 (Prop_lut1_I0_O)        0.124    12.370 r  u_softmax/probability_q152_carry_i_1/O
                         net (fo=1, unplaced)         0.000    12.370    u_softmax/probability_q152_carry_i_1_n_0
                         CARRY4 (Prop_carry4_S[1]_CO[3])
                                                      0.550    12.920 r  u_softmax/probability_q152_carry/CO[3]
                         net (fo=1, unplaced)         0.009    12.929    u_softmax/probability_q152_carry_n_0
                         CARRY4 (Prop_carry4_CI_CO[3])
                                                      0.114    13.043 r  u_softmax/probability_q152_carry__0/CO[3]
                         net (fo=1, unplaced)         0.000    13.043    u_softmax/probability_q152_carry__0_n_0
                         CARRY4 (Prop_carry4_CI_O[2])
                                                      0.256    13.299 r  u_softmax/probability_q152_carry__1/O[2]
                         net (fo=10, unplaced)        0.948    14.247    u_softmax/probability_rounded[38]
                         LUT4 (Prop_lut4_I3_O)        0.301    14.548 f  u_softmax/prob_data_OBUF[13]_inst_i_9/O
                         net (fo=1, unplaced)         0.902    15.450    u_softmax/prob_data_OBUF[13]_inst_i_9_n_0
                         LUT6 (Prop_lut6_I5_O)        0.124    15.574 r  u_softmax/prob_data_OBUF[13]_inst_i_5/O
                         net (fo=34, unplaced)        0.522    16.096    u_softmax/prob_data_OBUF[13]_inst_i_5_n_0
                         LUT5 (Prop_lut5_I2_O)        0.124    16.220 f  u_softmax/prob_data_OBUF[6]_inst_i_20/O
                         net (fo=5, unplaced)         0.930    17.150    u_softmax/prob_data_OBUF[6]_inst_i_20_n_0
                         LUT5 (Prop_lut5_I2_O)        0.150    17.300 r  u_softmax/prob_data_OBUF[6]_inst_i_11/O
                         net (fo=2, unplaced)         1.122    18.422    u_softmax/prob_data_OBUF[6]_inst_i_11_n_0
                         LUT6 (Prop_lut6_I0_O)        0.124    18.546 r  u_softmax/prob_data_OBUF[6]_inst_i_4/O
                         net (fo=4, unplaced)         1.135    19.681    u_softmax/prob_data_OBUF[6]_inst_i_4_n_0
                         LUT6 (Prop_lut6_I1_O)        0.124    19.805 r  u_softmax/prob_data_OBUF[9]_inst_i_4/O
                         net (fo=3, unplaced)         0.467    20.272    u_softmax/prob_data_OBUF[9]_inst_i_4_n_0
                         LUT4 (Prop_lut4_I3_O)        0.124    20.396 r  u_softmax/prob_data_OBUF[8]_inst_i_1/O
                         net (fo=1, unplaced)         0.800    21.195    prob_data_OBUF[8]
                         OBUF (Prop_obuf_I_O)         2.585    23.781 r  prob_data_OBUF[8]_inst/O
                         net (fo=0)                   0.000    23.781    prob_data[8]
                                                                      r  prob_data[8] (OUT)
  -------------------------------------------------------------------    -------------------





--------------------------------------------------------------------------------------
Path Group:  (none)
From Clock:  
  To Clock:  clk

Max Delay           783 Endpoints
Min Delay             0 Endpoints
--------------------------------------------------------------------------------------


Max Delay Paths
--------------------------------------------------------------------------------------
Slack:                    inf
  Source:                 prob_ready
                            (input port)
  Destination:            u_softmax/state_reg[0]/D
                            (rising edge-triggered cell FDRE clocked by clk  {rise@0.000ns fall@5.000ns period=10.000ns})
  Path Group:             (none)
  Path Type:              Setup (Max at Slow Process Corner)
  Data Path Delay:        3.665ns  (logic 1.439ns (39.249%)  route 2.227ns (60.751%))
  Logic Levels:           5  (IBUF=1 LUT4=1 LUT5=2 LUT6=1)
  Clock Path Skew:        2.079ns (DCD - SCD + CPR)
    Destination Clock Delay (DCD):    2.079ns
    Source Clock Delay      (SCD):    0.000ns
    Clock Pessimism Removal (CPR):    0.000ns

    Location             Delay type                Incr(ns)  Path(ns)    Netlist Resource(s)
  -------------------------------------------------------------------    -------------------
                                                      0.000     0.000 r  prob_ready (IN)
                         net (fo=0)                   0.000     0.000    prob_ready
                         IBUF (Prop_ibuf_I_O)         0.923     0.923 r  prob_ready_IBUF_inst/O
                         net (fo=2, unplaced)         0.800     1.722    u_softmax/prob_ready_IBUF
                         LUT5 (Prop_lut5_I4_O)        0.150     1.872 r  u_softmax/pipeline_done_OBUF_inst_i_2/O
                         net (fo=4, unplaced)         0.473     2.345    u_softmax/pipeline_done_OBUF_inst_i_2_n_0
                         LUT4 (Prop_lut4_I3_O)        0.118     2.463 r  u_softmax/wr_count[7]_i_3/O
                         net (fo=8, unplaced)         0.487     2.950    u_softmax/u_divider/state_reg[1]_2
                         LUT6 (Prop_lut6_I0_O)        0.124     3.074 r  u_softmax/u_divider/state[2]_i_2/O
                         net (fo=3, unplaced)         0.467     3.541    u_softmax/u_divider/state
                         LUT5 (Prop_lut5_I3_O)        0.124     3.665 r  u_softmax/u_divider/state[0]_i_1/O
                         net (fo=1, unplaced)         0.000     3.665    u_softmax/u_divider_n_36
                         FDRE                                         r  u_softmax/state_reg[0]/D
  -------------------------------------------------------------------    -------------------

                         (clock clk rise edge)        0.000     0.000 r  
                                                      0.000     0.000 r  clk (IN)
                         net (fo=0)                   0.000     0.000    clk
                         IBUF (Prop_ibuf_I_O)         0.789     0.789 r  clk_IBUF_inst/O
                         net (fo=1, unplaced)         0.760     1.549    clk_IBUF
                         BUFG (Prop_bufg_I_O)         0.091     1.640 r  clk_IBUF_BUFG_inst/O
                         net (fo=619, unplaced)       0.439     2.079    u_softmax/clk_IBUF_BUFG
                         FDRE                                         r  u_softmax/state_reg[0]/C





