Copyright 1986-2019 Xilinx, Inc. All Rights Reserved.
-----------------------------------------------------------------------------------------------------------------------------------------------
| Tool Version : Vivado v.2019.2 (win64) Build 2708876 Wed Nov  6 21:40:23 MST 2019
| Date         : Thu Jul 16 13:33:22 2026
| Host         : lhm running 64-bit major release  (build 9200)
| Command      : report_methodology -file C:/lhming/2_Work/4-FPT/FPT_B_QK_Softmax_Delivery_v3/reports/frontend_only/post_route_methodology.rpt
| Design       : qk_softmax_frontend
| Device       : xc7a35tcpg236-1
| Speed File   : -1
| Design State : Fully Routed
-----------------------------------------------------------------------------------------------------------------------------------------------

Report Methodology

Table of Contents
-----------------
1. REPORT SUMMARY
2. REPORT DETAILS

1. REPORT SUMMARY
-----------------
            Netlist: netlist
          Floorplan: impl_1
      Design limits: <entire design considered>
             Max violations: <unlimited>
             Violations found: 234
+-----------+----------+-------------------------------+------------+
| Rule      | Severity | Description                   | Violations |
+-----------+----------+-------------------------------+------------+
| TIMING-16 | Warning  | Large setup violation         | 154        |
| TIMING-18 | Warning  | Missing input or output delay | 80         |
+-----------+----------+-------------------------------+------------+

2. REPORT DETAILS
-----------------
TIMING-16#1 Warning
Large setup violation  
There is a large setup violation of -1.319 ns between u_softmax/proc_idx_reg[1]/C (clocked by clk) and u_softmax/exp_mem_reg_64_127_15_15/SP/I (clocked by clk). Large setup violations at the end of those stages might be difficult to fix during the post-placement implementation flow and could be the result of non-optimal XDC constraints or non-optimal design architecture
Related violations: <none>

TIMING-16#2 Warning
Large setup violation  
There is a large setup violation of -1.459 ns between u_softmax/proc_idx_reg[1]/C (clocked by clk) and u_softmax/exp_mem_reg_0_63_15_15/SP/I (clocked by clk). Large setup violations at the end of those stages might be difficult to fix during the post-placement implementation flow and could be the result of non-optimal XDC constraints or non-optimal design architecture
Related violations: <none>

TIMING-16#3 Warning
Large setup violation  
There is a large setup violation of -1.573 ns between u_softmax/proc_idx_reg[1]/C (clocked by clk) and u_softmax/exp_mem_reg_64_127_15_15/DP/I (clocked by clk). Large setup violations at the end of those stages might be difficult to fix during the post-placement implementation flow and could be the result of non-optimal XDC constraints or non-optimal design architecture
Related violations: <none>

TIMING-16#4 Warning
Large setup violation  
There is a large setup violation of -1.713 ns between u_softmax/proc_idx_reg[1]/C (clocked by clk) and u_softmax/exp_mem_reg_0_63_15_15/DP/I (clocked by clk). Large setup violations at the end of those stages might be difficult to fix during the post-placement implementation flow and could be the result of non-optimal XDC constraints or non-optimal design architecture
Related violations: <none>

TIMING-16#5 Warning
Large setup violation  
There is a large setup violation of -2.278 ns between u_softmax/proc_idx_reg[1]/C (clocked by clk) and u_softmax/exp_mem_reg_64_127_12_14/RAMC/I (clocked by clk). Large setup violations at the end of those stages might be difficult to fix during the post-placement implementation flow and could be the result of non-optimal XDC constraints or non-optimal design architecture
Related violations: <none>

TIMING-16#6 Warning
Large setup violation  
There is a large setup violation of -2.372 ns between u_softmax/proc_idx_reg[1]/C (clocked by clk) and u_softmax/exp_mem_reg_0_63_12_14/RAMB/I (clocked by clk). Large setup violations at the end of those stages might be difficult to fix during the post-placement implementation flow and could be the result of non-optimal XDC constraints or non-optimal design architecture
Related violations: <none>

TIMING-16#7 Warning
Large setup violation  
There is a large setup violation of -2.384 ns between u_softmax/proc_idx_reg[1]/C (clocked by clk) and u_softmax/exp_mem_reg_0_63_12_14/RAMC/I (clocked by clk). Large setup violations at the end of those stages might be difficult to fix during the post-placement implementation flow and could be the result of non-optimal XDC constraints or non-optimal design architecture
Related violations: <none>

TIMING-16#8 Warning
Large setup violation  
There is a large setup violation of -2.450 ns between u_softmax/proc_idx_reg[1]/C (clocked by clk) and u_softmax/exp_mem_reg_64_127_12_14/RAMB/I (clocked by clk). Large setup violations at the end of those stages might be difficult to fix during the post-placement implementation flow and could be the result of non-optimal XDC constraints or non-optimal design architecture
Related violations: <none>

TIMING-16#9 Warning
Large setup violation  
There is a large setup violation of -2.769 ns between u_softmax/proc_idx_reg[1]/C (clocked by clk) and u_softmax/exp_mem_reg_64_127_12_14/RAMA/I (clocked by clk). Large setup violations at the end of those stages might be difficult to fix during the post-placement implementation flow and could be the result of non-optimal XDC constraints or non-optimal design architecture
Related violations: <none>

TIMING-16#10 Warning
Large setup violation  
There is a large setup violation of -2.854 ns between u_softmax/proc_idx_reg[1]/C (clocked by clk) and u_softmax/exp_mem_reg_64_127_3_5/RAMC/I (clocked by clk). Large setup violations at the end of those stages might be difficult to fix during the post-placement implementation flow and could be the result of non-optimal XDC constraints or non-optimal design architecture
Related violations: <none>

TIMING-16#11 Warning
Large setup violation  
There is a large setup violation of -2.857 ns between u_softmax/proc_idx_reg[1]/C (clocked by clk) and u_softmax/exp_mem_reg_0_63_3_5/RAMC/I (clocked by clk). Large setup violations at the end of those stages might be difficult to fix during the post-placement implementation flow and could be the result of non-optimal XDC constraints or non-optimal design architecture
Related violations: <none>

TIMING-16#12 Warning
Large setup violation  
There is a large setup violation of -2.916 ns between u_softmax/proc_idx_reg[1]/C (clocked by clk) and u_softmax/exp_mem_reg_0_63_9_11/RAMA/I (clocked by clk). Large setup violations at the end of those stages might be difficult to fix during the post-placement implementation flow and could be the result of non-optimal XDC constraints or non-optimal design architecture
Related violations: <none>

TIMING-16#13 Warning
Large setup violation  
There is a large setup violation of -2.920 ns between u_softmax/proc_idx_reg[1]/C (clocked by clk) and u_softmax/exp_mem_reg_0_63_12_14/RAMA/I (clocked by clk). Large setup violations at the end of those stages might be difficult to fix during the post-placement implementation flow and could be the result of non-optimal XDC constraints or non-optimal design architecture
Related violations: <none>

TIMING-16#14 Warning
Large setup violation  
There is a large setup violation of -2.930 ns between u_softmax/proc_idx_reg[1]/C (clocked by clk) and u_softmax/exp_mem_reg_0_63_9_11/RAMB/I (clocked by clk). Large setup violations at the end of those stages might be difficult to fix during the post-placement implementation flow and could be the result of non-optimal XDC constraints or non-optimal design architecture
Related violations: <none>

TIMING-16#15 Warning
Large setup violation  
There is a large setup violation of -2.953 ns between u_softmax/proc_idx_reg[1]/C (clocked by clk) and u_softmax/exp_mem_reg_64_127_9_11/RAMB/I (clocked by clk). Large setup violations at the end of those stages might be difficult to fix during the post-placement implementation flow and could be the result of non-optimal XDC constraints or non-optimal design architecture
Related violations: <none>

TIMING-16#16 Warning
Large setup violation  
There is a large setup violation of -2.965 ns between u_softmax/proc_idx_reg[1]/C (clocked by clk) and u_softmax/exp_mem_reg_64_127_9_11/RAMA/I (clocked by clk). Large setup violations at the end of those stages might be difficult to fix during the post-placement implementation flow and could be the result of non-optimal XDC constraints or non-optimal design architecture
Related violations: <none>

TIMING-16#17 Warning
Large setup violation  
There is a large setup violation of -3.015 ns between u_softmax/proc_idx_reg[1]/C (clocked by clk) and u_softmax/exp_mem_reg_64_127_6_8/RAMC/I (clocked by clk). Large setup violations at the end of those stages might be difficult to fix during the post-placement implementation flow and could be the result of non-optimal XDC constraints or non-optimal design architecture
Related violations: <none>

TIMING-16#18 Warning
Large setup violation  
There is a large setup violation of -3.179 ns between u_softmax/proc_idx_reg[1]/C (clocked by clk) and u_softmax/exp_mem_reg_0_63_3_5/RAMA/I (clocked by clk). Large setup violations at the end of those stages might be difficult to fix during the post-placement implementation flow and could be the result of non-optimal XDC constraints or non-optimal design architecture
Related violations: <none>

TIMING-16#19 Warning
Large setup violation  
There is a large setup violation of -3.181 ns between u_softmax/proc_idx_reg[1]/C (clocked by clk) and u_softmax/exp_mem_reg_0_63_6_8/RAMC/I (clocked by clk). Large setup violations at the end of those stages might be difficult to fix during the post-placement implementation flow and could be the result of non-optimal XDC constraints or non-optimal design architecture
Related violations: <none>

TIMING-16#20 Warning
Large setup violation  
There is a large setup violation of -3.200 ns between u_softmax/proc_idx_reg[1]/C (clocked by clk) and u_softmax/exp_mem_reg_64_127_3_5/RAMB/I (clocked by clk). Large setup violations at the end of those stages might be difficult to fix during the post-placement implementation flow and could be the result of non-optimal XDC constraints or non-optimal design architecture
Related violations: <none>

TIMING-16#21 Warning
Large setup violation  
There is a large setup violation of -3.217 ns between u_softmax/proc_idx_reg[1]/C (clocked by clk) and u_softmax/exp_mem_reg_64_127_6_8/RAMB/I (clocked by clk). Large setup violations at the end of those stages might be difficult to fix during the post-placement implementation flow and could be the result of non-optimal XDC constraints or non-optimal design architecture
Related violations: <none>

TIMING-16#22 Warning
Large setup violation  
There is a large setup violation of -3.227 ns between u_softmax/proc_idx_reg[1]/C (clocked by clk) and u_softmax/exp_mem_reg_64_127_3_5/RAMA/I (clocked by clk). Large setup violations at the end of those stages might be difficult to fix during the post-placement implementation flow and could be the result of non-optimal XDC constraints or non-optimal design architecture
Related violations: <none>

TIMING-16#23 Warning
Large setup violation  
There is a large setup violation of -3.341 ns between u_softmax/proc_idx_reg[1]/C (clocked by clk) and u_softmax/exp_mem_reg_0_63_3_5/RAMB/I (clocked by clk). Large setup violations at the end of those stages might be difficult to fix during the post-placement implementation flow and could be the result of non-optimal XDC constraints or non-optimal design architecture
Related violations: <none>

TIMING-16#24 Warning
Large setup violation  
There is a large setup violation of -3.370 ns between u_softmax/proc_idx_reg[1]/C (clocked by clk) and u_softmax/exp_mem_reg_0_63_6_8/RAMB/I (clocked by clk). Large setup violations at the end of those stages might be difficult to fix during the post-placement implementation flow and could be the result of non-optimal XDC constraints or non-optimal design architecture
Related violations: <none>

TIMING-16#25 Warning
Large setup violation  
There is a large setup violation of -3.488 ns between u_softmax/proc_idx_reg[1]/C (clocked by clk) and u_softmax/exp_mem_reg_0_63_0_2/RAMC/I (clocked by clk). Large setup violations at the end of those stages might be difficult to fix during the post-placement implementation flow and could be the result of non-optimal XDC constraints or non-optimal design architecture
Related violations: <none>

TIMING-16#26 Warning
Large setup violation  
There is a large setup violation of -3.491 ns between u_softmax/proc_idx_reg[1]/C (clocked by clk) and u_softmax/exp_mem_reg_64_127_0_2/RAMB/I (clocked by clk). Large setup violations at the end of those stages might be difficult to fix during the post-placement implementation flow and could be the result of non-optimal XDC constraints or non-optimal design architecture
Related violations: <none>

TIMING-16#27 Warning
Large setup violation  
There is a large setup violation of -3.537 ns between u_softmax/proc_idx_reg[1]/C (clocked by clk) and u_softmax/exp_mem_reg_64_127_6_8/RAMA/I (clocked by clk). Large setup violations at the end of those stages might be difficult to fix during the post-placement implementation flow and could be the result of non-optimal XDC constraints or non-optimal design architecture
Related violations: <none>

TIMING-16#28 Warning
Large setup violation  
There is a large setup violation of -3.587 ns between u_softmax/proc_idx_reg[1]/C (clocked by clk) and u_softmax/exp_mem_reg_0_63_0_2/RAMA/I (clocked by clk). Large setup violations at the end of those stages might be difficult to fix during the post-placement implementation flow and could be the result of non-optimal XDC constraints or non-optimal design architecture
Related violations: <none>

TIMING-16#29 Warning
Large setup violation  
There is a large setup violation of -3.623 ns between u_softmax/proc_idx_reg[1]/C (clocked by clk) and u_softmax/exp_mem_reg_0_63_0_2/RAMB/I (clocked by clk). Large setup violations at the end of those stages might be difficult to fix during the post-placement implementation flow and could be the result of non-optimal XDC constraints or non-optimal design architecture
Related violations: <none>

TIMING-16#30 Warning
Large setup violation  
There is a large setup violation of -3.636 ns between u_softmax/proc_idx_reg[1]/C (clocked by clk) and u_softmax/exp_mem_reg_64_127_0_2/RAMC/I (clocked by clk). Large setup violations at the end of those stages might be difficult to fix during the post-placement implementation flow and could be the result of non-optimal XDC constraints or non-optimal design architecture
Related violations: <none>

TIMING-16#31 Warning
Large setup violation  
There is a large setup violation of -3.643 ns between u_softmax/proc_idx_reg[1]/C (clocked by clk) and u_softmax/exp_mem_reg_64_127_0_2/RAMA/I (clocked by clk). Large setup violations at the end of those stages might be difficult to fix during the post-placement implementation flow and could be the result of non-optimal XDC constraints or non-optimal design architecture
Related violations: <none>

TIMING-16#32 Warning
Large setup violation  
There is a large setup violation of -3.704 ns between u_softmax/proc_idx_reg[1]/C (clocked by clk) and u_softmax/exp_mem_reg_0_63_6_8/RAMA/I (clocked by clk). Large setup violations at the end of those stages might be difficult to fix during the post-placement implementation flow and could be the result of non-optimal XDC constraints or non-optimal design architecture
Related violations: <none>

TIMING-16#33 Warning
Large setup violation  
There is a large setup violation of -3.741 ns between u_softmax/proc_idx_reg[1]/C (clocked by clk) and u_softmax/exp_mem_reg_0_63_9_11/RAMC/I (clocked by clk). Large setup violations at the end of those stages might be difficult to fix during the post-placement implementation flow and could be the result of non-optimal XDC constraints or non-optimal design architecture
Related violations: <none>

TIMING-16#34 Warning
Large setup violation  
There is a large setup violation of -3.833 ns between u_softmax/proc_idx_reg[1]/C (clocked by clk) and u_softmax/sum_exp_reg[0]/D (clocked by clk). Large setup violations at the end of those stages might be difficult to fix during the post-placement implementation flow and could be the result of non-optimal XDC constraints or non-optimal design architecture
Related violations: <none>

TIMING-16#35 Warning
Large setup violation  
There is a large setup violation of -3.855 ns between u_softmax/proc_idx_reg[1]/C (clocked by clk) and u_softmax/exp_mem_reg_64_127_9_11/RAMC/I (clocked by clk). Large setup violations at the end of those stages might be difficult to fix during the post-placement implementation flow and could be the result of non-optimal XDC constraints or non-optimal design architecture
Related violations: <none>

TIMING-16#36 Warning
Large setup violation  
There is a large setup violation of -4.130 ns between u_softmax/proc_idx_reg[1]/C (clocked by clk) and u_softmax/sum_exp_reg[1]/D (clocked by clk). Large setup violations at the end of those stages might be difficult to fix during the post-placement implementation flow and could be the result of non-optimal XDC constraints or non-optimal design architecture
Related violations: <none>

TIMING-16#37 Warning
Large setup violation  
There is a large setup violation of -4.296 ns between u_adapter/u_rowtile_buffer/out_data_reg_reg[14]/C (clocked by clk) and u_softmax/max_score_reg[17]/D (clocked by clk). Large setup violations at the end of those stages might be difficult to fix during the post-placement implementation flow and could be the result of non-optimal XDC constraints or non-optimal design architecture
Related violations: <none>

TIMING-16#38 Warning
Large setup violation  
There is a large setup violation of -4.305 ns between u_softmax/proc_idx_reg[1]/C (clocked by clk) and u_softmax/sum_exp_reg[2]/D (clocked by clk). Large setup violations at the end of those stages might be difficult to fix during the post-placement implementation flow and could be the result of non-optimal XDC constraints or non-optimal design architecture
Related violations: <none>

TIMING-16#39 Warning
Large setup violation  
There is a large setup violation of -4.390 ns between u_softmax/proc_idx_reg[1]/C (clocked by clk) and u_softmax/sum_exp_reg[7]/D (clocked by clk). Large setup violations at the end of those stages might be difficult to fix during the post-placement implementation flow and could be the result of non-optimal XDC constraints or non-optimal design architecture
Related violations: <none>

TIMING-16#40 Warning
Large setup violation  
There is a large setup violation of -4.407 ns between u_softmax/proc_idx_reg[1]/C (clocked by clk) and u_softmax/sum_exp_reg[3]/D (clocked by clk). Large setup violations at the end of those stages might be difficult to fix during the post-placement implementation flow and could be the result of non-optimal XDC constraints or non-optimal design architecture
Related violations: <none>

TIMING-16#41 Warning
Large setup violation  
There is a large setup violation of -4.408 ns between u_adapter/u_rowtile_buffer/out_data_reg_reg[14]/C (clocked by clk) and u_softmax/score_mem_reg_64_127_3_5/RAMA/I (clocked by clk). Large setup violations at the end of those stages might be difficult to fix during the post-placement implementation flow and could be the result of non-optimal XDC constraints or non-optimal design architecture
Related violations: <none>

TIMING-16#42 Warning
Large setup violation  
There is a large setup violation of -4.412 ns between u_adapter/u_rowtile_buffer/out_data_reg_reg[14]/C (clocked by clk) and u_softmax/score_mem_reg_64_127_3_5/RAMC/I (clocked by clk). Large setup violations at the end of those stages might be difficult to fix during the post-placement implementation flow and could be the result of non-optimal XDC constraints or non-optimal design architecture
Related violations: <none>

TIMING-16#43 Warning
Large setup violation  
There is a large setup violation of -4.423 ns between u_adapter/u_rowtile_buffer/out_data_reg_reg[14]/C (clocked by clk) and u_softmax/max_score_reg[5]/D (clocked by clk). Large setup violations at the end of those stages might be difficult to fix during the post-placement implementation flow and could be the result of non-optimal XDC constraints or non-optimal design architecture
Related violations: <none>

TIMING-16#44 Warning
Large setup violation  
There is a large setup violation of -4.467 ns between u_adapter/u_rowtile_buffer/out_data_reg_reg[14]/C (clocked by clk) and u_softmax/max_score_reg[15]/D (clocked by clk). Large setup violations at the end of those stages might be difficult to fix during the post-placement implementation flow and could be the result of non-optimal XDC constraints or non-optimal design architecture
Related violations: <none>

TIMING-16#45 Warning
Large setup violation  
There is a large setup violation of -4.510 ns between u_softmax/proc_idx_reg[1]/C (clocked by clk) and u_softmax/sum_exp_reg[6]/D (clocked by clk). Large setup violations at the end of those stages might be difficult to fix during the post-placement implementation flow and could be the result of non-optimal XDC constraints or non-optimal design architecture
Related violations: <none>

TIMING-16#46 Warning
Large setup violation  
There is a large setup violation of -4.550 ns between u_adapter/u_rowtile_buffer/out_data_reg_reg[14]/C (clocked by clk) and u_softmax/score_mem_reg_0_63_3_5/RAMA/I (clocked by clk). Large setup violations at the end of those stages might be difficult to fix during the post-placement implementation flow and could be the result of non-optimal XDC constraints or non-optimal design architecture
Related violations: <none>

TIMING-16#47 Warning
Large setup violation  
There is a large setup violation of -4.553 ns between u_adapter/u_rowtile_buffer/out_data_reg_reg[14]/C (clocked by clk) and u_softmax/score_mem_reg_0_63_3_5/RAMC/I (clocked by clk). Large setup violations at the end of those stages might be difficult to fix during the post-placement implementation flow and could be the result of non-optimal XDC constraints or non-optimal design architecture
Related violations: <none>

TIMING-16#48 Warning
Large setup violation  
There is a large setup violation of -4.555 ns between u_adapter/u_rowtile_buffer/out_data_reg_reg[14]/C (clocked by clk) and u_softmax/max_score_reg[19]/D (clocked by clk). Large setup violations at the end of those stages might be difficult to fix during the post-placement implementation flow and could be the result of non-optimal XDC constraints or non-optimal design architecture
Related violations: <none>

TIMING-16#49 Warning
Large setup violation  
There is a large setup violation of -4.555 ns between u_adapter/u_rowtile_buffer/out_data_reg_reg[14]/C (clocked by clk) and u_softmax/score_mem_reg_0_63_6_8/RAMB/I (clocked by clk). Large setup violations at the end of those stages might be difficult to fix during the post-placement implementation flow and could be the result of non-optimal XDC constraints or non-optimal design architecture
Related violations: <none>

TIMING-16#50 Warning
Large setup violation  
There is a large setup violation of -4.557 ns between u_adapter/u_rowtile_buffer/out_data_reg_reg[14]/C (clocked by clk) and u_softmax/score_mem_reg_0_63_15_17/RAMA/I (clocked by clk). Large setup violations at the end of those stages might be difficult to fix during the post-placement implementation flow and could be the result of non-optimal XDC constraints or non-optimal design architecture
Related violations: <none>

TIMING-16#51 Warning
Large setup violation  
There is a large setup violation of -4.566 ns between u_adapter/u_rowtile_buffer/out_data_reg_reg[14]/C (clocked by clk) and u_softmax/score_mem_reg_0_63_9_11/RAMC/I (clocked by clk). Large setup violations at the end of those stages might be difficult to fix during the post-placement implementation flow and could be the result of non-optimal XDC constraints or non-optimal design architecture
Related violations: <none>

TIMING-16#52 Warning
Large setup violation  
There is a large setup violation of -4.570 ns between u_adapter/u_rowtile_buffer/out_data_reg_reg[14]/C (clocked by clk) and u_softmax/score_mem_reg_0_63_0_2/RAMB/I (clocked by clk). Large setup violations at the end of those stages might be difficult to fix during the post-placement implementation flow and could be the result of non-optimal XDC constraints or non-optimal design architecture
Related violations: <none>

TIMING-16#53 Warning
Large setup violation  
There is a large setup violation of -4.570 ns between u_softmax/proc_idx_reg[1]/C (clocked by clk) and u_softmax/sum_exp_reg[12]/D (clocked by clk). Large setup violations at the end of those stages might be difficult to fix during the post-placement implementation flow and could be the result of non-optimal XDC constraints or non-optimal design architecture
Related violations: <none>

TIMING-16#54 Warning
Large setup violation  
There is a large setup violation of -4.594 ns between u_adapter/u_rowtile_buffer/out_data_reg_reg[14]/C (clocked by clk) and u_softmax/score_mem_reg_0_63_15_17/RAMC/I (clocked by clk). Large setup violations at the end of those stages might be difficult to fix during the post-placement implementation flow and could be the result of non-optimal XDC constraints or non-optimal design architecture
Related violations: <none>

TIMING-16#55 Warning
Large setup violation  
There is a large setup violation of -4.595 ns between u_adapter/u_rowtile_buffer/out_data_reg_reg[14]/C (clocked by clk) and u_softmax/score_mem_reg_64_127_9_11/RAMC/I (clocked by clk). Large setup violations at the end of those stages might be difficult to fix during the post-placement implementation flow and could be the result of non-optimal XDC constraints or non-optimal design architecture
Related violations: <none>

TIMING-16#56 Warning
Large setup violation  
There is a large setup violation of -4.601 ns between u_softmax/proc_idx_reg[1]/C (clocked by clk) and u_softmax/sum_exp_reg[8]/D (clocked by clk). Large setup violations at the end of those stages might be difficult to fix during the post-placement implementation flow and could be the result of non-optimal XDC constraints or non-optimal design architecture
Related violations: <none>

TIMING-16#57 Warning
Large setup violation  
There is a large setup violation of -4.609 ns between u_softmax/proc_idx_reg[1]/C (clocked by clk) and u_softmax/sum_exp_reg[5]/D (clocked by clk). Large setup violations at the end of those stages might be difficult to fix during the post-placement implementation flow and could be the result of non-optimal XDC constraints or non-optimal design architecture
Related violations: <none>

TIMING-16#58 Warning
Large setup violation  
There is a large setup violation of -4.627 ns between u_softmax/proc_idx_reg[1]/C (clocked by clk) and u_softmax/sum_exp_reg[10]/D (clocked by clk). Large setup violations at the end of those stages might be difficult to fix during the post-placement implementation flow and could be the result of non-optimal XDC constraints or non-optimal design architecture
Related violations: <none>

TIMING-16#59 Warning
Large setup violation  
There is a large setup violation of -4.634 ns between u_adapter/u_rowtile_buffer/out_data_reg_reg[14]/C (clocked by clk) and u_softmax/score_mem_reg_0_63_12_14/RAMB/I (clocked by clk). Large setup violations at the end of those stages might be difficult to fix during the post-placement implementation flow and could be the result of non-optimal XDC constraints or non-optimal design architecture
Related violations: <none>

TIMING-16#60 Warning
Large setup violation  
There is a large setup violation of -4.636 ns between u_adapter/u_rowtile_buffer/out_data_reg_reg[14]/C (clocked by clk) and u_softmax/score_mem_reg_64_127_21_23/RAMC/I (clocked by clk). Large setup violations at the end of those stages might be difficult to fix during the post-placement implementation flow and could be the result of non-optimal XDC constraints or non-optimal design architecture
Related violations: <none>

TIMING-16#61 Warning
Large setup violation  
There is a large setup violation of -4.656 ns between u_adapter/u_rowtile_buffer/out_data_reg_reg[14]/C (clocked by clk) and u_softmax/max_score_reg[21]/D (clocked by clk). Large setup violations at the end of those stages might be difficult to fix during the post-placement implementation flow and could be the result of non-optimal XDC constraints or non-optimal design architecture
Related violations: <none>

TIMING-16#62 Warning
Large setup violation  
There is a large setup violation of -4.657 ns between u_adapter/u_rowtile_buffer/out_data_reg_reg[14]/C (clocked by clk) and u_softmax/max_score_reg[1]/D (clocked by clk). Large setup violations at the end of those stages might be difficult to fix during the post-placement implementation flow and could be the result of non-optimal XDC constraints or non-optimal design architecture
Related violations: <none>

TIMING-16#63 Warning
Large setup violation  
There is a large setup violation of -4.679 ns between u_softmax/proc_idx_reg[1]/C (clocked by clk) and u_softmax/sum_exp_reg[14]/D (clocked by clk). Large setup violations at the end of those stages might be difficult to fix during the post-placement implementation flow and could be the result of non-optimal XDC constraints or non-optimal design architecture
Related violations: <none>

TIMING-16#64 Warning
Large setup violation  
There is a large setup violation of -4.686 ns between u_softmax/proc_idx_reg[1]/C (clocked by clk) and u_softmax/sum_exp_reg[16]/D (clocked by clk). Large setup violations at the end of those stages might be difficult to fix during the post-placement implementation flow and could be the result of non-optimal XDC constraints or non-optimal design architecture
Related violations: <none>

TIMING-16#65 Warning
Large setup violation  
There is a large setup violation of -4.694 ns between u_adapter/u_rowtile_buffer/out_data_reg_reg[14]/C (clocked by clk) and u_softmax/score_mem_reg_64_127_6_8/RAMB/I (clocked by clk). Large setup violations at the end of those stages might be difficult to fix during the post-placement implementation flow and could be the result of non-optimal XDC constraints or non-optimal design architecture
Related violations: <none>

TIMING-16#66 Warning
Large setup violation  
There is a large setup violation of -4.700 ns between u_softmax/proc_idx_reg[1]/C (clocked by clk) and u_softmax/sum_exp_reg[4]/D (clocked by clk). Large setup violations at the end of those stages might be difficult to fix during the post-placement implementation flow and could be the result of non-optimal XDC constraints or non-optimal design architecture
Related violations: <none>

TIMING-16#67 Warning
Large setup violation  
There is a large setup violation of -4.705 ns between u_softmax/proc_idx_reg[1]/C (clocked by clk) and u_softmax/sum_exp_reg[9]/D (clocked by clk). Large setup violations at the end of those stages might be difficult to fix during the post-placement implementation flow and could be the result of non-optimal XDC constraints or non-optimal design architecture
Related violations: <none>

TIMING-16#68 Warning
Large setup violation  
There is a large setup violation of -4.706 ns between u_adapter/u_rowtile_buffer/out_data_reg_reg[14]/C (clocked by clk) and u_softmax/score_mem_reg_0_63_9_11/RAMA/I (clocked by clk). Large setup violations at the end of those stages might be difficult to fix during the post-placement implementation flow and could be the result of non-optimal XDC constraints or non-optimal design architecture
Related violations: <none>

TIMING-16#69 Warning
Large setup violation  
There is a large setup violation of -4.711 ns between u_adapter/u_rowtile_buffer/out_data_reg_reg[14]/C (clocked by clk) and u_softmax/score_mem_reg_64_127_15_17/RAMC/I (clocked by clk). Large setup violations at the end of those stages might be difficult to fix during the post-placement implementation flow and could be the result of non-optimal XDC constraints or non-optimal design architecture
Related violations: <none>

TIMING-16#70 Warning
Large setup violation  
There is a large setup violation of -4.712 ns between u_adapter/u_rowtile_buffer/out_data_reg_reg[14]/C (clocked by clk) and u_softmax/score_mem_reg_64_127_0_2/RAMB/I (clocked by clk). Large setup violations at the end of those stages might be difficult to fix during the post-placement implementation flow and could be the result of non-optimal XDC constraints or non-optimal design architecture
Related violations: <none>

TIMING-16#71 Warning
Large setup violation  
There is a large setup violation of -4.722 ns between u_softmax/proc_idx_reg[1]/C (clocked by clk) and u_softmax/sum_exp_reg[11]/D (clocked by clk). Large setup violations at the end of those stages might be difficult to fix during the post-placement implementation flow and could be the result of non-optimal XDC constraints or non-optimal design architecture
Related violations: <none>

TIMING-16#72 Warning
Large setup violation  
There is a large setup violation of -4.727 ns between u_adapter/u_rowtile_buffer/out_data_reg_reg[14]/C (clocked by clk) and u_softmax/max_score_reg[7]/D (clocked by clk). Large setup violations at the end of those stages might be difficult to fix during the post-placement implementation flow and could be the result of non-optimal XDC constraints or non-optimal design architecture
Related violations: <none>

TIMING-16#73 Warning
Large setup violation  
There is a large setup violation of -4.728 ns between u_adapter/u_rowtile_buffer/out_data_reg_reg[14]/C (clocked by clk) and u_softmax/score_mem_reg_64_127_0_2/RAMA/I (clocked by clk). Large setup violations at the end of those stages might be difficult to fix during the post-placement implementation flow and could be the result of non-optimal XDC constraints or non-optimal design architecture
Related violations: <none>

TIMING-16#74 Warning
Large setup violation  
There is a large setup violation of -4.730 ns between u_adapter/u_rowtile_buffer/out_data_reg_reg[14]/C (clocked by clk) and u_softmax/score_mem_reg_0_63_21_23/RAMC/I (clocked by clk). Large setup violations at the end of those stages might be difficult to fix during the post-placement implementation flow and could be the result of non-optimal XDC constraints or non-optimal design architecture
Related violations: <none>

TIMING-16#75 Warning
Large setup violation  
There is a large setup violation of -4.760 ns between u_adapter/u_rowtile_buffer/out_data_reg_reg[14]/C (clocked by clk) and u_softmax/score_mem_reg_64_127_15_17/RAMA/I (clocked by clk). Large setup violations at the end of those stages might be difficult to fix during the post-placement implementation flow and could be the result of non-optimal XDC constraints or non-optimal design architecture
Related violations: <none>

TIMING-16#76 Warning
Large setup violation  
There is a large setup violation of -4.772 ns between u_adapter/u_rowtile_buffer/out_data_reg_reg[14]/C (clocked by clk) and u_softmax/score_mem_reg_64_127_12_14/RAMB/I (clocked by clk). Large setup violations at the end of those stages might be difficult to fix during the post-placement implementation flow and could be the result of non-optimal XDC constraints or non-optimal design architecture
Related violations: <none>

TIMING-16#77 Warning
Large setup violation  
There is a large setup violation of -4.810 ns between u_softmax/proc_idx_reg[1]/C (clocked by clk) and u_softmax/sum_exp_reg[15]/D (clocked by clk). Large setup violations at the end of those stages might be difficult to fix during the post-placement implementation flow and could be the result of non-optimal XDC constraints or non-optimal design architecture
Related violations: <none>

TIMING-16#78 Warning
Large setup violation  
There is a large setup violation of -4.821 ns between u_adapter/u_rowtile_buffer/out_data_reg_reg[14]/C (clocked by clk) and u_softmax/score_mem_reg_64_127_6_8/RAMA/I (clocked by clk). Large setup violations at the end of those stages might be difficult to fix during the post-placement implementation flow and could be the result of non-optimal XDC constraints or non-optimal design architecture
Related violations: <none>

TIMING-16#79 Warning
Large setup violation  
There is a large setup violation of -4.823 ns between u_adapter/u_rowtile_buffer/out_data_reg_reg[14]/C (clocked by clk) and u_softmax/score_mem_reg_0_63_0_2/RAMA/I (clocked by clk). Large setup violations at the end of those stages might be difficult to fix during the post-placement implementation flow and could be the result of non-optimal XDC constraints or non-optimal design architecture
Related violations: <none>

TIMING-16#80 Warning
Large setup violation  
There is a large setup violation of -4.832 ns between u_softmax/proc_idx_reg[1]/C (clocked by clk) and u_softmax/sum_exp_reg[13]/D (clocked by clk). Large setup violations at the end of those stages might be difficult to fix during the post-placement implementation flow and could be the result of non-optimal XDC constraints or non-optimal design architecture
Related violations: <none>

TIMING-16#81 Warning
Large setup violation  
There is a large setup violation of -4.844 ns between u_adapter/u_rowtile_buffer/out_data_reg_reg[14]/C (clocked by clk) and u_softmax/score_mem_reg_0_63_18_20/RAMB/I (clocked by clk). Large setup violations at the end of those stages might be difficult to fix during the post-placement implementation flow and could be the result of non-optimal XDC constraints or non-optimal design architecture
Related violations: <none>

TIMING-16#82 Warning
Large setup violation  
There is a large setup violation of -4.848 ns between u_adapter/u_rowtile_buffer/out_data_reg_reg[14]/C (clocked by clk) and u_softmax/score_mem_reg_64_127_9_11/RAMA/I (clocked by clk). Large setup violations at the end of those stages might be difficult to fix during the post-placement implementation flow and could be the result of non-optimal XDC constraints or non-optimal design architecture
Related violations: <none>

TIMING-16#83 Warning
Large setup violation  
There is a large setup violation of -4.854 ns between u_softmax/proc_idx_reg[1]/C (clocked by clk) and u_softmax/sum_exp_reg[18]/D (clocked by clk). Large setup violations at the end of those stages might be difficult to fix during the post-placement implementation flow and could be the result of non-optimal XDC constraints or non-optimal design architecture
Related violations: <none>

TIMING-16#84 Warning
Large setup violation  
There is a large setup violation of -4.859 ns between u_adapter/u_rowtile_buffer/out_data_reg_reg[14]/C (clocked by clk) and u_softmax/score_mem_reg_64_127_18_20/RAMB/I (clocked by clk). Large setup violations at the end of those stages might be difficult to fix during the post-placement implementation flow and could be the result of non-optimal XDC constraints or non-optimal design architecture
Related violations: <none>

TIMING-16#85 Warning
Large setup violation  
There is a large setup violation of -4.897 ns between u_adapter/u_rowtile_buffer/out_data_reg_reg[14]/C (clocked by clk) and u_softmax/max_score_reg[3]/D (clocked by clk). Large setup violations at the end of those stages might be difficult to fix during the post-placement implementation flow and could be the result of non-optimal XDC constraints or non-optimal design architecture
Related violations: <none>

TIMING-16#86 Warning
Large setup violation  
There is a large setup violation of -4.915 ns between u_adapter/u_rowtile_buffer/out_data_reg_reg[14]/C (clocked by clk) and u_softmax/max_score_reg[22]/D (clocked by clk). Large setup violations at the end of those stages might be difficult to fix during the post-placement implementation flow and could be the result of non-optimal XDC constraints or non-optimal design architecture
Related violations: <none>

TIMING-16#87 Warning
Large setup violation  
There is a large setup violation of -4.918 ns between u_adapter/u_rowtile_buffer/out_data_reg_reg[14]/C (clocked by clk) and u_softmax/score_mem_reg_64_127_12_14/RAMC/I (clocked by clk). Large setup violations at the end of those stages might be difficult to fix during the post-placement implementation flow and could be the result of non-optimal XDC constraints or non-optimal design architecture
Related violations: <none>

TIMING-16#88 Warning
Large setup violation  
There is a large setup violation of -4.925 ns between u_softmax/proc_idx_reg[1]/C (clocked by clk) and u_softmax/sum_exp_reg[21]/D (clocked by clk). Large setup violations at the end of those stages might be difficult to fix during the post-placement implementation flow and could be the result of non-optimal XDC constraints or non-optimal design architecture
Related violations: <none>

TIMING-16#89 Warning
Large setup violation  
There is a large setup violation of -4.926 ns between u_softmax/proc_idx_reg[1]/C (clocked by clk) and u_softmax/sum_exp_reg[19]/D (clocked by clk). Large setup violations at the end of those stages might be difficult to fix during the post-placement implementation flow and could be the result of non-optimal XDC constraints or non-optimal design architecture
Related violations: <none>

TIMING-16#90 Warning
Large setup violation  
There is a large setup violation of -4.928 ns between u_adapter/u_rowtile_buffer/out_data_reg_reg[14]/C (clocked by clk) and u_softmax/score_mem_reg_0_63_9_11/RAMB/I (clocked by clk). Large setup violations at the end of those stages might be difficult to fix during the post-placement implementation flow and could be the result of non-optimal XDC constraints or non-optimal design architecture
Related violations: <none>

TIMING-16#91 Warning
Large setup violation  
There is a large setup violation of -4.928 ns between u_softmax/proc_idx_reg[1]/C (clocked by clk) and u_softmax/sum_exp_reg[17]/D (clocked by clk). Large setup violations at the end of those stages might be difficult to fix during the post-placement implementation flow and could be the result of non-optimal XDC constraints or non-optimal design architecture
Related violations: <none>

TIMING-16#92 Warning
Large setup violation  
There is a large setup violation of -4.931 ns between u_adapter/u_rowtile_buffer/out_data_reg_reg[14]/C (clocked by clk) and u_softmax/max_score_reg[2]/D (clocked by clk). Large setup violations at the end of those stages might be difficult to fix during the post-placement implementation flow and could be the result of non-optimal XDC constraints or non-optimal design architecture
Related violations: <none>

TIMING-16#93 Warning
Large setup violation  
There is a large setup violation of -4.964 ns between u_adapter/u_rowtile_buffer/out_data_reg_reg[14]/C (clocked by clk) and u_softmax/max_score_reg[16]/D (clocked by clk). Large setup violations at the end of those stages might be difficult to fix during the post-placement implementation flow and could be the result of non-optimal XDC constraints or non-optimal design architecture
Related violations: <none>

TIMING-16#94 Warning
Large setup violation  
There is a large setup violation of -4.972 ns between u_adapter/u_rowtile_buffer/out_data_reg_reg[14]/C (clocked by clk) and u_softmax/score_mem_reg_0_63_6_8/RAMA/I (clocked by clk). Large setup violations at the end of those stages might be difficult to fix during the post-placement implementation flow and could be the result of non-optimal XDC constraints or non-optimal design architecture
Related violations: <none>

TIMING-16#95 Warning
Large setup violation  
There is a large setup violation of -4.978 ns between u_adapter/u_rowtile_buffer/out_data_reg_reg[14]/C (clocked by clk) and u_softmax/max_score_reg[10]/D (clocked by clk). Large setup violations at the end of those stages might be difficult to fix during the post-placement implementation flow and could be the result of non-optimal XDC constraints or non-optimal design architecture
Related violations: <none>

TIMING-16#96 Warning
Large setup violation  
There is a large setup violation of -4.980 ns between u_adapter/u_rowtile_buffer/out_data_reg_reg[14]/C (clocked by clk) and u_softmax/max_score_reg[18]/D (clocked by clk). Large setup violations at the end of those stages might be difficult to fix during the post-placement implementation flow and could be the result of non-optimal XDC constraints or non-optimal design architecture
Related violations: <none>

TIMING-16#97 Warning
Large setup violation  
There is a large setup violation of -5.009 ns between u_adapter/u_rowtile_buffer/out_data_reg_reg[14]/C (clocked by clk) and u_softmax/max_score_reg[13]/D (clocked by clk). Large setup violations at the end of those stages might be difficult to fix during the post-placement implementation flow and could be the result of non-optimal XDC constraints or non-optimal design architecture
Related violations: <none>

TIMING-16#98 Warning
Large setup violation  
There is a large setup violation of -5.014 ns between u_softmax/proc_idx_reg[1]/C (clocked by clk) and u_softmax/sum_exp_reg[22]/D (clocked by clk). Large setup violations at the end of those stages might be difficult to fix during the post-placement implementation flow and could be the result of non-optimal XDC constraints or non-optimal design architecture
Related violations: <none>

TIMING-16#99 Warning
Large setup violation  
There is a large setup violation of -5.015 ns between u_adapter/u_rowtile_buffer/out_data_reg_reg[14]/C (clocked by clk) and u_softmax/max_score_reg[9]/D (clocked by clk). Large setup violations at the end of those stages might be difficult to fix during the post-placement implementation flow and could be the result of non-optimal XDC constraints or non-optimal design architecture
Related violations: <none>

TIMING-16#100 Warning
Large setup violation  
There is a large setup violation of -5.045 ns between u_adapter/u_rowtile_buffer/out_data_reg_reg[14]/C (clocked by clk) and u_softmax/score_mem_reg_64_127_0_2/RAMC/I (clocked by clk). Large setup violations at the end of those stages might be difficult to fix during the post-placement implementation flow and could be the result of non-optimal XDC constraints or non-optimal design architecture
Related violations: <none>

TIMING-16#101 Warning
Large setup violation  
There is a large setup violation of -5.048 ns between u_adapter/u_rowtile_buffer/out_data_reg_reg[14]/C (clocked by clk) and u_softmax/max_score_reg[11]/D (clocked by clk). Large setup violations at the end of those stages might be difficult to fix during the post-placement implementation flow and could be the result of non-optimal XDC constraints or non-optimal design architecture
Related violations: <none>

TIMING-16#102 Warning
Large setup violation  
There is a large setup violation of -5.048 ns between u_softmax/proc_idx_reg[1]/C (clocked by clk) and u_softmax/sum_exp_reg[23]/D (clocked by clk). Large setup violations at the end of those stages might be difficult to fix during the post-placement implementation flow and could be the result of non-optimal XDC constraints or non-optimal design architecture
Related violations: <none>

TIMING-16#103 Warning
Large setup violation  
There is a large setup violation of -5.050 ns between u_adapter/u_rowtile_buffer/out_data_reg_reg[14]/C (clocked by clk) and u_softmax/max_score_reg[0]/D (clocked by clk). Large setup violations at the end of those stages might be difficult to fix during the post-placement implementation flow and could be the result of non-optimal XDC constraints or non-optimal design architecture
Related violations: <none>

TIMING-16#104 Warning
Large setup violation  
There is a large setup violation of -5.071 ns between u_adapter/u_rowtile_buffer/out_data_reg_reg[14]/C (clocked by clk) and u_softmax/score_mem_reg_64_127_9_11/RAMB/I (clocked by clk). Large setup violations at the end of those stages might be difficult to fix during the post-placement implementation flow and could be the result of non-optimal XDC constraints or non-optimal design architecture
Related violations: <none>

TIMING-16#105 Warning
Large setup violation  
There is a large setup violation of -5.075 ns between u_softmax/proc_idx_reg[1]/C (clocked by clk) and u_softmax/sum_exp_reg[20]/D (clocked by clk). Large setup violations at the end of those stages might be difficult to fix during the post-placement implementation flow and could be the result of non-optimal XDC constraints or non-optimal design architecture
Related violations: <none>

TIMING-16#106 Warning
Large setup violation  
There is a large setup violation of -5.096 ns between u_adapter/u_rowtile_buffer/out_data_reg_reg[14]/C (clocked by clk) and u_softmax/score_mem_reg_0_63_3_5/RAMB/I (clocked by clk). Large setup violations at the end of those stages might be difficult to fix during the post-placement implementation flow and could be the result of non-optimal XDC constraints or non-optimal design architecture
Related violations: <none>

TIMING-16#107 Warning
Large setup violation  
There is a large setup violation of -5.098 ns between u_adapter/u_rowtile_buffer/out_data_reg_reg[14]/C (clocked by clk) and u_softmax/max_score_reg[20]/D (clocked by clk). Large setup violations at the end of those stages might be difficult to fix during the post-placement implementation flow and could be the result of non-optimal XDC constraints or non-optimal design architecture
Related violations: <none>

TIMING-16#108 Warning
Large setup violation  
There is a large setup violation of -5.100 ns between u_adapter/u_rowtile_buffer/out_data_reg_reg[14]/C (clocked by clk) and u_softmax/max_score_reg[8]/D (clocked by clk). Large setup violations at the end of those stages might be difficult to fix during the post-placement implementation flow and could be the result of non-optimal XDC constraints or non-optimal design architecture
Related violations: <none>

TIMING-16#109 Warning
Large setup violation  
There is a large setup violation of -5.109 ns between u_adapter/u_rowtile_buffer/out_data_reg_reg[14]/C (clocked by clk) and u_softmax/score_mem_reg_64_127_3_5/RAMB/I (clocked by clk). Large setup violations at the end of those stages might be difficult to fix during the post-placement implementation flow and could be the result of non-optimal XDC constraints or non-optimal design architecture
Related violations: <none>

TIMING-16#110 Warning
Large setup violation  
There is a large setup violation of -5.112 ns between u_adapter/u_rowtile_buffer/out_data_reg_reg[14]/C (clocked by clk) and u_softmax/score_mem_reg_64_127_18_20/RAMA/I (clocked by clk). Large setup violations at the end of those stages might be difficult to fix during the post-placement implementation flow and could be the result of non-optimal XDC constraints or non-optimal design architecture
Related violations: <none>

TIMING-16#111 Warning
Large setup violation  
There is a large setup violation of -5.161 ns between u_adapter/u_rowtile_buffer/out_data_reg_reg[14]/C (clocked by clk) and u_softmax/score_mem_reg_0_63_18_20/RAMA/I (clocked by clk). Large setup violations at the end of those stages might be difficult to fix during the post-placement implementation flow and could be the result of non-optimal XDC constraints or non-optimal design architecture
Related violations: <none>

TIMING-16#112 Warning
Large setup violation  
There is a large setup violation of -5.162 ns between u_adapter/u_rowtile_buffer/out_data_reg_reg[14]/C (clocked by clk) and u_softmax/score_mem_reg_0_63_12_14/RAMA/I (clocked by clk). Large setup violations at the end of those stages might be difficult to fix during the post-placement implementation flow and could be the result of non-optimal XDC constraints or non-optimal design architecture
Related violations: <none>

TIMING-16#113 Warning
Large setup violation  
There is a large setup violation of -5.169 ns between u_adapter/u_rowtile_buffer/out_data_reg_reg[14]/C (clocked by clk) and u_softmax/score_mem_reg_0_63_15_17/RAMB/I (clocked by clk). Large setup violations at the end of those stages might be difficult to fix during the post-placement implementation flow and could be the result of non-optimal XDC constraints or non-optimal design architecture
Related violations: <none>

TIMING-16#114 Warning
Large setup violation  
There is a large setup violation of -5.181 ns between u_adapter/u_rowtile_buffer/out_data_reg_reg[14]/C (clocked by clk) and u_softmax/score_mem_reg_64_127_18_20/RAMC/I (clocked by clk). Large setup violations at the end of those stages might be difficult to fix during the post-placement implementation flow and could be the result of non-optimal XDC constraints or non-optimal design architecture
Related violations: <none>

TIMING-16#115 Warning
Large setup violation  
There is a large setup violation of -5.203 ns between u_adapter/u_rowtile_buffer/out_data_reg_reg[14]/C (clocked by clk) and u_softmax/score_mem_reg_0_63_6_8/RAMC/I (clocked by clk). Large setup violations at the end of those stages might be difficult to fix during the post-placement implementation flow and could be the result of non-optimal XDC constraints or non-optimal design architecture
Related violations: <none>

TIMING-16#116 Warning
Large setup violation  
There is a large setup violation of -5.212 ns between u_adapter/u_rowtile_buffer/out_data_reg_reg[14]/C (clocked by clk) and u_softmax/score_mem_reg_0_63_12_14/RAMC/I (clocked by clk). Large setup violations at the end of those stages might be difficult to fix during the post-placement implementation flow and could be the result of non-optimal XDC constraints or non-optimal design architecture
Related violations: <none>

TIMING-16#117 Warning
Large setup violation  
There is a large setup violation of -5.216 ns between u_adapter/u_rowtile_buffer/out_data_reg_reg[14]/C (clocked by clk) and u_softmax/score_mem_reg_0_63_21_23/RAMA/I (clocked by clk). Large setup violations at the end of those stages might be difficult to fix during the post-placement implementation flow and could be the result of non-optimal XDC constraints or non-optimal design architecture
Related violations: <none>

TIMING-16#118 Warning
Large setup violation  
There is a large setup violation of -5.249 ns between u_adapter/u_rowtile_buffer/out_data_reg_reg[14]/C (clocked by clk) and u_softmax/score_mem_reg_64_127_15_17/RAMB/I (clocked by clk). Large setup violations at the end of those stages might be difficult to fix during the post-placement implementation flow and could be the result of non-optimal XDC constraints or non-optimal design architecture
Related violations: <none>

TIMING-16#119 Warning
Large setup violation  
There is a large setup violation of -5.270 ns between u_adapter/u_rowtile_buffer/out_data_reg_reg[14]/C (clocked by clk) and u_softmax/score_mem_reg_0_63_0_2/RAMC/I (clocked by clk). Large setup violations at the end of those stages might be difficult to fix during the post-placement implementation flow and could be the result of non-optimal XDC constraints or non-optimal design architecture
Related violations: <none>

TIMING-16#120 Warning
Large setup violation  
There is a large setup violation of -5.301 ns between u_adapter/u_rowtile_buffer/out_data_reg_reg[14]/C (clocked by clk) and u_softmax/score_mem_reg_64_127_12_14/RAMA/I (clocked by clk). Large setup violations at the end of those stages might be difficult to fix during the post-placement implementation flow and could be the result of non-optimal XDC constraints or non-optimal design architecture
Related violations: <none>

TIMING-16#121 Warning
Large setup violation  
There is a large setup violation of -5.307 ns between u_adapter/u_rowtile_buffer/out_data_reg_reg[14]/C (clocked by clk) and u_softmax/score_mem_reg_0_63_21_23/RAMB/I (clocked by clk). Large setup violations at the end of those stages might be difficult to fix during the post-placement implementation flow and could be the result of non-optimal XDC constraints or non-optimal design architecture
Related violations: <none>

TIMING-16#122 Warning
Large setup violation  
There is a large setup violation of -5.318 ns between u_adapter/u_rowtile_buffer/out_data_reg_reg[14]/C (clocked by clk) and u_softmax/max_score_reg[4]/D (clocked by clk). Large setup violations at the end of those stages might be difficult to fix during the post-placement implementation flow and could be the result of non-optimal XDC constraints or non-optimal design architecture
Related violations: <none>

TIMING-16#123 Warning
Large setup violation  
There is a large setup violation of -5.331 ns between u_adapter/u_rowtile_buffer/out_data_reg_reg[14]/C (clocked by clk) and u_softmax/score_mem_reg_0_63_18_20/RAMC/I (clocked by clk). Large setup violations at the end of those stages might be difficult to fix during the post-placement implementation flow and could be the result of non-optimal XDC constraints or non-optimal design architecture
Related violations: <none>

TIMING-16#124 Warning
Large setup violation  
There is a large setup violation of -5.367 ns between u_adapter/u_rowtile_buffer/out_data_reg_reg[14]/C (clocked by clk) and u_softmax/score_mem_reg_64_127_21_23/RAMA/I (clocked by clk). Large setup violations at the end of those stages might be difficult to fix during the post-placement implementation flow and could be the result of non-optimal XDC constraints or non-optimal design architecture
Related violations: <none>

TIMING-16#125 Warning
Large setup violation  
There is a large setup violation of -5.400 ns between u_adapter/u_rowtile_buffer/out_data_reg_reg[14]/C (clocked by clk) and u_softmax/max_score_reg[14]/D (clocked by clk). Large setup violations at the end of those stages might be difficult to fix during the post-placement implementation flow and could be the result of non-optimal XDC constraints or non-optimal design architecture
Related violations: <none>

TIMING-16#126 Warning
Large setup violation  
There is a large setup violation of -5.405 ns between u_adapter/u_rowtile_buffer/out_data_reg_reg[14]/C (clocked by clk) and u_softmax/score_mem_reg_64_127_6_8/RAMC/I (clocked by clk). Large setup violations at the end of those stages might be difficult to fix during the post-placement implementation flow and could be the result of non-optimal XDC constraints or non-optimal design architecture
Related violations: <none>

TIMING-16#127 Warning
Large setup violation  
There is a large setup violation of -5.422 ns between u_adapter/u_rowtile_buffer/out_data_reg_reg[14]/C (clocked by clk) and u_softmax/max_score_reg[6]/D (clocked by clk). Large setup violations at the end of those stages might be difficult to fix during the post-placement implementation flow and could be the result of non-optimal XDC constraints or non-optimal design architecture
Related violations: <none>

TIMING-16#128 Warning
Large setup violation  
There is a large setup violation of -5.448 ns between u_adapter/u_rowtile_buffer/out_data_reg_reg[14]/C (clocked by clk) and u_softmax/score_mem_reg_64_127_21_23/RAMB/I (clocked by clk). Large setup violations at the end of those stages might be difficult to fix during the post-placement implementation flow and could be the result of non-optimal XDC constraints or non-optimal design architecture
Related violations: <none>

TIMING-16#129 Warning
Large setup violation  
There is a large setup violation of -5.479 ns between u_adapter/u_rowtile_buffer/out_data_reg_reg[14]/C (clocked by clk) and u_softmax/max_score_reg[12]/D (clocked by clk). Large setup violations at the end of those stages might be difficult to fix during the post-placement implementation flow and could be the result of non-optimal XDC constraints or non-optimal design architecture
Related violations: <none>

TIMING-16#130 Warning
Large setup violation  
There is a large setup violation of -5.519 ns between u_adapter/u_rowtile_buffer/out_data_reg_reg[14]/C (clocked by clk) and u_softmax/max_score_reg[23]/D (clocked by clk). Large setup violations at the end of those stages might be difficult to fix during the post-placement implementation flow and could be the result of non-optimal XDC constraints or non-optimal design architecture
Related violations: <none>

TIMING-16#131 Warning
Large setup violation  
There is a large setup violation of -6.840 ns between u_adapter/u_rowtile_buffer/out_data_reg_reg[14]/C (clocked by clk) and u_softmax/max_score_reg[0]/CE (clocked by clk). Large setup violations at the end of those stages might be difficult to fix during the post-placement implementation flow and could be the result of non-optimal XDC constraints or non-optimal design architecture
Related violations: <none>

TIMING-16#132 Warning
Large setup violation  
There is a large setup violation of -6.840 ns between u_adapter/u_rowtile_buffer/out_data_reg_reg[14]/C (clocked by clk) and u_softmax/max_score_reg[11]/CE (clocked by clk). Large setup violations at the end of those stages might be difficult to fix during the post-placement implementation flow and could be the result of non-optimal XDC constraints or non-optimal design architecture
Related violations: <none>

TIMING-16#133 Warning
Large setup violation  
There is a large setup violation of -6.840 ns between u_adapter/u_rowtile_buffer/out_data_reg_reg[14]/C (clocked by clk) and u_softmax/max_score_reg[23]/CE (clocked by clk). Large setup violations at the end of those stages might be difficult to fix during the post-placement implementation flow and could be the result of non-optimal XDC constraints or non-optimal design architecture
Related violations: <none>

TIMING-16#134 Warning
Large setup violation  
There is a large setup violation of -6.840 ns between u_adapter/u_rowtile_buffer/out_data_reg_reg[14]/C (clocked by clk) and u_softmax/max_score_reg[4]/CE (clocked by clk). Large setup violations at the end of those stages might be difficult to fix during the post-placement implementation flow and could be the result of non-optimal XDC constraints or non-optimal design architecture
Related violations: <none>

TIMING-16#135 Warning
Large setup violation  
There is a large setup violation of -6.881 ns between u_adapter/u_rowtile_buffer/out_data_reg_reg[14]/C (clocked by clk) and u_softmax/max_score_reg[10]/CE (clocked by clk). Large setup violations at the end of those stages might be difficult to fix during the post-placement implementation flow and could be the result of non-optimal XDC constraints or non-optimal design architecture
Related violations: <none>

TIMING-16#136 Warning
Large setup violation  
There is a large setup violation of -6.881 ns between u_adapter/u_rowtile_buffer/out_data_reg_reg[14]/C (clocked by clk) and u_softmax/max_score_reg[12]/CE (clocked by clk). Large setup violations at the end of those stages might be difficult to fix during the post-placement implementation flow and could be the result of non-optimal XDC constraints or non-optimal design architecture
Related violations: <none>

TIMING-16#137 Warning
Large setup violation  
There is a large setup violation of -6.881 ns between u_adapter/u_rowtile_buffer/out_data_reg_reg[14]/C (clocked by clk) and u_softmax/max_score_reg[13]/CE (clocked by clk). Large setup violations at the end of those stages might be difficult to fix during the post-placement implementation flow and could be the result of non-optimal XDC constraints or non-optimal design architecture
Related violations: <none>

TIMING-16#138 Warning
Large setup violation  
There is a large setup violation of -6.881 ns between u_adapter/u_rowtile_buffer/out_data_reg_reg[14]/C (clocked by clk) and u_softmax/max_score_reg[14]/CE (clocked by clk). Large setup violations at the end of those stages might be difficult to fix during the post-placement implementation flow and could be the result of non-optimal XDC constraints or non-optimal design architecture
Related violations: <none>

TIMING-16#139 Warning
Large setup violation  
There is a large setup violation of -6.881 ns between u_adapter/u_rowtile_buffer/out_data_reg_reg[14]/C (clocked by clk) and u_softmax/max_score_reg[15]/CE (clocked by clk). Large setup violations at the end of those stages might be difficult to fix during the post-placement implementation flow and could be the result of non-optimal XDC constraints or non-optimal design architecture
Related violations: <none>

TIMING-16#140 Warning
Large setup violation  
There is a large setup violation of -6.881 ns between u_adapter/u_rowtile_buffer/out_data_reg_reg[14]/C (clocked by clk) and u_softmax/max_score_reg[16]/CE (clocked by clk). Large setup violations at the end of those stages might be difficult to fix during the post-placement implementation flow and could be the result of non-optimal XDC constraints or non-optimal design architecture
Related violations: <none>

TIMING-16#141 Warning
Large setup violation  
There is a large setup violation of -6.881 ns between u_adapter/u_rowtile_buffer/out_data_reg_reg[14]/C (clocked by clk) and u_softmax/max_score_reg[17]/CE (clocked by clk). Large setup violations at the end of those stages might be difficult to fix during the post-placement implementation flow and could be the result of non-optimal XDC constraints or non-optimal design architecture
Related violations: <none>

TIMING-16#142 Warning
Large setup violation  
There is a large setup violation of -6.881 ns between u_adapter/u_rowtile_buffer/out_data_reg_reg[14]/C (clocked by clk) and u_softmax/max_score_reg[18]/CE (clocked by clk). Large setup violations at the end of those stages might be difficult to fix during the post-placement implementation flow and could be the result of non-optimal XDC constraints or non-optimal design architecture
Related violations: <none>

TIMING-16#143 Warning
Large setup violation  
There is a large setup violation of -6.881 ns between u_adapter/u_rowtile_buffer/out_data_reg_reg[14]/C (clocked by clk) and u_softmax/max_score_reg[19]/CE (clocked by clk). Large setup violations at the end of those stages might be difficult to fix during the post-placement implementation flow and could be the result of non-optimal XDC constraints or non-optimal design architecture
Related violations: <none>

TIMING-16#144 Warning
Large setup violation  
There is a large setup violation of -6.881 ns between u_adapter/u_rowtile_buffer/out_data_reg_reg[14]/C (clocked by clk) and u_softmax/max_score_reg[1]/CE (clocked by clk). Large setup violations at the end of those stages might be difficult to fix during the post-placement implementation flow and could be the result of non-optimal XDC constraints or non-optimal design architecture
Related violations: <none>

TIMING-16#145 Warning
Large setup violation  
There is a large setup violation of -6.881 ns between u_adapter/u_rowtile_buffer/out_data_reg_reg[14]/C (clocked by clk) and u_softmax/max_score_reg[20]/CE (clocked by clk). Large setup violations at the end of those stages might be difficult to fix during the post-placement implementation flow and could be the result of non-optimal XDC constraints or non-optimal design architecture
Related violations: <none>

TIMING-16#146 Warning
Large setup violation  
There is a large setup violation of -6.881 ns between u_adapter/u_rowtile_buffer/out_data_reg_reg[14]/C (clocked by clk) and u_softmax/max_score_reg[2]/CE (clocked by clk). Large setup violations at the end of those stages might be difficult to fix during the post-placement implementation flow and could be the result of non-optimal XDC constraints or non-optimal design architecture
Related violations: <none>

TIMING-16#147 Warning
Large setup violation  
There is a large setup violation of -6.881 ns between u_adapter/u_rowtile_buffer/out_data_reg_reg[14]/C (clocked by clk) and u_softmax/max_score_reg[3]/CE (clocked by clk). Large setup violations at the end of those stages might be difficult to fix during the post-placement implementation flow and could be the result of non-optimal XDC constraints or non-optimal design architecture
Related violations: <none>

TIMING-16#148 Warning
Large setup violation  
There is a large setup violation of -6.881 ns between u_adapter/u_rowtile_buffer/out_data_reg_reg[14]/C (clocked by clk) and u_softmax/max_score_reg[6]/CE (clocked by clk). Large setup violations at the end of those stages might be difficult to fix during the post-placement implementation flow and could be the result of non-optimal XDC constraints or non-optimal design architecture
Related violations: <none>

TIMING-16#149 Warning
Large setup violation  
There is a large setup violation of -6.881 ns between u_adapter/u_rowtile_buffer/out_data_reg_reg[14]/C (clocked by clk) and u_softmax/max_score_reg[8]/CE (clocked by clk). Large setup violations at the end of those stages might be difficult to fix during the post-placement implementation flow and could be the result of non-optimal XDC constraints or non-optimal design architecture
Related violations: <none>

TIMING-16#150 Warning
Large setup violation  
There is a large setup violation of -6.881 ns between u_adapter/u_rowtile_buffer/out_data_reg_reg[14]/C (clocked by clk) and u_softmax/max_score_reg[9]/CE (clocked by clk). Large setup violations at the end of those stages might be difficult to fix during the post-placement implementation flow and could be the result of non-optimal XDC constraints or non-optimal design architecture
Related violations: <none>

TIMING-16#151 Warning
Large setup violation  
There is a large setup violation of -6.921 ns between u_adapter/u_rowtile_buffer/out_data_reg_reg[14]/C (clocked by clk) and u_softmax/max_score_reg[21]/CE (clocked by clk). Large setup violations at the end of those stages might be difficult to fix during the post-placement implementation flow and could be the result of non-optimal XDC constraints or non-optimal design architecture
Related violations: <none>

TIMING-16#152 Warning
Large setup violation  
There is a large setup violation of -6.921 ns between u_adapter/u_rowtile_buffer/out_data_reg_reg[14]/C (clocked by clk) and u_softmax/max_score_reg[22]/CE (clocked by clk). Large setup violations at the end of those stages might be difficult to fix during the post-placement implementation flow and could be the result of non-optimal XDC constraints or non-optimal design architecture
Related violations: <none>

TIMING-16#153 Warning
Large setup violation  
There is a large setup violation of -6.921 ns between u_adapter/u_rowtile_buffer/out_data_reg_reg[14]/C (clocked by clk) and u_softmax/max_score_reg[5]/CE (clocked by clk). Large setup violations at the end of those stages might be difficult to fix during the post-placement implementation flow and could be the result of non-optimal XDC constraints or non-optimal design architecture
Related violations: <none>

TIMING-16#154 Warning
Large setup violation  
There is a large setup violation of -6.921 ns between u_adapter/u_rowtile_buffer/out_data_reg_reg[14]/C (clocked by clk) and u_softmax/max_score_reg[7]/CE (clocked by clk). Large setup violations at the end of those stages might be difficult to fix during the post-placement implementation flow and could be the result of non-optimal XDC constraints or non-optimal design architecture
Related violations: <none>

TIMING-18#1 Warning
Missing input or output delay  
An input delay is missing on causal_en relative to clock(s) clk
Related violations: <none>

TIMING-18#2 Warning
Missing input or output delay  
An input delay is missing on prob_ready relative to clock(s) clk
Related violations: <none>

TIMING-18#3 Warning
Missing input or output delay  
An input delay is missing on qk_col[0] relative to clock(s) clk
Related violations: <none>

TIMING-18#4 Warning
Missing input or output delay  
An input delay is missing on qk_col[1] relative to clock(s) clk
Related violations: <none>

TIMING-18#5 Warning
Missing input or output delay  
An input delay is missing on qk_col[2] relative to clock(s) clk
Related violations: <none>

TIMING-18#6 Warning
Missing input or output delay  
An input delay is missing on qk_col[3] relative to clock(s) clk
Related violations: <none>

TIMING-18#7 Warning
Missing input or output delay  
An input delay is missing on qk_col[4] relative to clock(s) clk
Related violations: <none>

TIMING-18#8 Warning
Missing input or output delay  
An input delay is missing on qk_col[5] relative to clock(s) clk
Related violations: <none>

TIMING-18#9 Warning
Missing input or output delay  
An input delay is missing on qk_col[6] relative to clock(s) clk
Related violations: <none>

TIMING-18#10 Warning
Missing input or output delay  
An input delay is missing on qk_global_last relative to clock(s) clk
Related violations: <none>

TIMING-18#11 Warning
Missing input or output delay  
An input delay is missing on qk_head[0] relative to clock(s) clk
Related violations: <none>

TIMING-18#12 Warning
Missing input or output delay  
An input delay is missing on qk_head[1] relative to clock(s) clk
Related violations: <none>

TIMING-18#13 Warning
Missing input or output delay  
An input delay is missing on qk_row[0] relative to clock(s) clk
Related violations: <none>

TIMING-18#14 Warning
Missing input or output delay  
An input delay is missing on qk_row[1] relative to clock(s) clk
Related violations: <none>

TIMING-18#15 Warning
Missing input or output delay  
An input delay is missing on qk_row[2] relative to clock(s) clk
Related violations: <none>

TIMING-18#16 Warning
Missing input or output delay  
An input delay is missing on qk_row[3] relative to clock(s) clk
Related violations: <none>

TIMING-18#17 Warning
Missing input or output delay  
An input delay is missing on qk_row[4] relative to clock(s) clk
Related violations: <none>

TIMING-18#18 Warning
Missing input or output delay  
An input delay is missing on qk_row[5] relative to clock(s) clk
Related violations: <none>

TIMING-18#19 Warning
Missing input or output delay  
An input delay is missing on qk_row[6] relative to clock(s) clk
Related violations: <none>

TIMING-18#20 Warning
Missing input or output delay  
An input delay is missing on qk_score[0] relative to clock(s) clk
Related violations: <none>

TIMING-18#21 Warning
Missing input or output delay  
An input delay is missing on qk_score[10] relative to clock(s) clk
Related violations: <none>

TIMING-18#22 Warning
Missing input or output delay  
An input delay is missing on qk_score[11] relative to clock(s) clk
Related violations: <none>

TIMING-18#23 Warning
Missing input or output delay  
An input delay is missing on qk_score[12] relative to clock(s) clk
Related violations: <none>

TIMING-18#24 Warning
Missing input or output delay  
An input delay is missing on qk_score[13] relative to clock(s) clk
Related violations: <none>

TIMING-18#25 Warning
Missing input or output delay  
An input delay is missing on qk_score[14] relative to clock(s) clk
Related violations: <none>

TIMING-18#26 Warning
Missing input or output delay  
An input delay is missing on qk_score[15] relative to clock(s) clk
Related violations: <none>

TIMING-18#27 Warning
Missing input or output delay  
An input delay is missing on qk_score[1] relative to clock(s) clk
Related violations: <none>

TIMING-18#28 Warning
Missing input or output delay  
An input delay is missing on qk_score[2] relative to clock(s) clk
Related violations: <none>

TIMING-18#29 Warning
Missing input or output delay  
An input delay is missing on qk_score[3] relative to clock(s) clk
Related violations: <none>

TIMING-18#30 Warning
Missing input or output delay  
An input delay is missing on qk_score[4] relative to clock(s) clk
Related violations: <none>

TIMING-18#31 Warning
Missing input or output delay  
An input delay is missing on qk_score[5] relative to clock(s) clk
Related violations: <none>

TIMING-18#32 Warning
Missing input or output delay  
An input delay is missing on qk_score[6] relative to clock(s) clk
Related violations: <none>

TIMING-18#33 Warning
Missing input or output delay  
An input delay is missing on qk_score[7] relative to clock(s) clk
Related violations: <none>

TIMING-18#34 Warning
Missing input or output delay  
An input delay is missing on qk_score[8] relative to clock(s) clk
Related violations: <none>

TIMING-18#35 Warning
Missing input or output delay  
An input delay is missing on qk_score[9] relative to clock(s) clk
Related violations: <none>

TIMING-18#36 Warning
Missing input or output delay  
An input delay is missing on qk_valid relative to clock(s) clk
Related violations: <none>

TIMING-18#37 Warning
Missing input or output delay  
An input delay is missing on rst_n relative to clock(s) clk
Related violations: <none>

TIMING-18#38 Warning
Missing input or output delay  
An output delay is missing on adapter_global_last_error relative to clock(s) clk
Related violations: <none>

TIMING-18#39 Warning
Missing input or output delay  
An output delay is missing on adapter_protocol_error relative to clock(s) clk
Related violations: <none>

TIMING-18#40 Warning
Missing input or output delay  
An output delay is missing on busy relative to clock(s) clk
Related violations: <none>

TIMING-18#41 Warning
Missing input or output delay  
An output delay is missing on pipeline_done relative to clock(s) clk
Related violations: <none>

TIMING-18#42 Warning
Missing input or output delay  
An output delay is missing on prob_col[0] relative to clock(s) clk
Related violations: <none>

TIMING-18#43 Warning
Missing input or output delay  
An output delay is missing on prob_col[1] relative to clock(s) clk
Related violations: <none>

TIMING-18#44 Warning
Missing input or output delay  
An output delay is missing on prob_col[2] relative to clock(s) clk
Related violations: <none>

TIMING-18#45 Warning
Missing input or output delay  
An output delay is missing on prob_col[3] relative to clock(s) clk
Related violations: <none>

TIMING-18#46 Warning
Missing input or output delay  
An output delay is missing on prob_col[4] relative to clock(s) clk
Related violations: <none>

TIMING-18#47 Warning
Missing input or output delay  
An output delay is missing on prob_col[5] relative to clock(s) clk
Related violations: <none>

TIMING-18#48 Warning
Missing input or output delay  
An output delay is missing on prob_col[6] relative to clock(s) clk
Related violations: <none>

TIMING-18#49 Warning
Missing input or output delay  
An output delay is missing on prob_data[0] relative to clock(s) clk
Related violations: <none>

TIMING-18#50 Warning
Missing input or output delay  
An output delay is missing on prob_data[10] relative to clock(s) clk
Related violations: <none>

TIMING-18#51 Warning
Missing input or output delay  
An output delay is missing on prob_data[11] relative to clock(s) clk
Related violations: <none>

TIMING-18#52 Warning
Missing input or output delay  
An output delay is missing on prob_data[12] relative to clock(s) clk
Related violations: <none>

TIMING-18#53 Warning
Missing input or output delay  
An output delay is missing on prob_data[13] relative to clock(s) clk
Related violations: <none>

TIMING-18#54 Warning
Missing input or output delay  
An output delay is missing on prob_data[14] relative to clock(s) clk
Related violations: <none>

TIMING-18#55 Warning
Missing input or output delay  
An output delay is missing on prob_data[15] relative to clock(s) clk
Related violations: <none>

TIMING-18#56 Warning
Missing input or output delay  
An output delay is missing on prob_data[1] relative to clock(s) clk
Related violations: <none>

TIMING-18#57 Warning
Missing input or output delay  
An output delay is missing on prob_data[2] relative to clock(s) clk
Related violations: <none>

TIMING-18#58 Warning
Missing input or output delay  
An output delay is missing on prob_data[3] relative to clock(s) clk
Related violations: <none>

TIMING-18#59 Warning
Missing input or output delay  
An output delay is missing on prob_data[4] relative to clock(s) clk
Related violations: <none>

TIMING-18#60 Warning
Missing input or output delay  
An output delay is missing on prob_data[5] relative to clock(s) clk
Related violations: <none>

TIMING-18#61 Warning
Missing input or output delay  
An output delay is missing on prob_data[6] relative to clock(s) clk
Related violations: <none>

TIMING-18#62 Warning
Missing input or output delay  
An output delay is missing on prob_data[7] relative to clock(s) clk
Related violations: <none>

TIMING-18#63 Warning
Missing input or output delay  
An output delay is missing on prob_data[8] relative to clock(s) clk
Related violations: <none>

TIMING-18#64 Warning
Missing input or output delay  
An output delay is missing on prob_data[9] relative to clock(s) clk
Related violations: <none>

TIMING-18#65 Warning
Missing input or output delay  
An output delay is missing on prob_first relative to clock(s) clk
Related violations: <none>

TIMING-18#66 Warning
Missing input or output delay  
An output delay is missing on prob_global_last relative to clock(s) clk
Related violations: <none>

TIMING-18#67 Warning
Missing input or output delay  
An output delay is missing on prob_head[0] relative to clock(s) clk
Related violations: <none>

TIMING-18#68 Warning
Missing input or output delay  
An output delay is missing on prob_head[1] relative to clock(s) clk
Related violations: <none>

TIMING-18#69 Warning
Missing input or output delay  
An output delay is missing on prob_last relative to clock(s) clk
Related violations: <none>

TIMING-18#70 Warning
Missing input or output delay  
An output delay is missing on prob_row[0] relative to clock(s) clk
Related violations: <none>

TIMING-18#71 Warning
Missing input or output delay  
An output delay is missing on prob_row[1] relative to clock(s) clk
Related violations: <none>

TIMING-18#72 Warning
Missing input or output delay  
An output delay is missing on prob_row[2] relative to clock(s) clk
Related violations: <none>

TIMING-18#73 Warning
Missing input or output delay  
An output delay is missing on prob_row[3] relative to clock(s) clk
Related violations: <none>

TIMING-18#74 Warning
Missing input or output delay  
An output delay is missing on prob_row[4] relative to clock(s) clk
Related violations: <none>

TIMING-18#75 Warning
Missing input or output delay  
An output delay is missing on prob_row[5] relative to clock(s) clk
Related violations: <none>

TIMING-18#76 Warning
Missing input or output delay  
An output delay is missing on prob_row[6] relative to clock(s) clk
Related violations: <none>

TIMING-18#77 Warning
Missing input or output delay  
An output delay is missing on prob_valid relative to clock(s) clk
Related violations: <none>

TIMING-18#78 Warning
Missing input or output delay  
An output delay is missing on qk_ready relative to clock(s) clk
Related violations: <none>

TIMING-18#79 Warning
Missing input or output delay  
An output delay is missing on softmax_metadata_error relative to clock(s) clk
Related violations: <none>

TIMING-18#80 Warning
Missing input or output delay  
An output delay is missing on softmax_row_error relative to clock(s) clk
Related violations: <none>


