Copyright 1986-2019 Xilinx, Inc. All Rights Reserved.
-----------------------------------------------------------------------------------------------------------------------------------------------------------------------------------
| Tool Version : Vivado v.2019.2 (win64) Build 2708876 Wed Nov  6 21:40:23 MST 2019
| Date         : Thu Jul 16 13:33:18 2026
| Host         : lhm running 64-bit major release  (build 9200)
| Command      : report_timing_summary -delay_type max -report_unconstrained -file C:/lhming/2_Work/4-FPT/FPT_B_QK_Softmax_Delivery_v3/reports/frontend_only/post_route_timing.rpt
| Design       : qk_softmax_frontend
| Device       : 7a35t-cpg236
| Speed File   : -1  PRODUCTION 1.23 2018-06-13
-----------------------------------------------------------------------------------------------------------------------------------------------------------------------------------

Timing Summary Report

------------------------------------------------------------------------------------------------
| Timer Settings
| --------------
------------------------------------------------------------------------------------------------

  Enable Multi Corner Analysis               :  Yes
  Enable Pessimism Removal                   :  Yes
  Pessimism Removal Resolution               :  Nearest Common Node
  Enable Input Delay Default Clock           :  No
  Enable Preset / Clear Arcs                 :  No
  Disable Flight Delays                      :  No
  Ignore I/O Paths                           :  No
  Timing Early Launch at Borrowing Latches   :  No
  Borrow Time for Max Delay Exceptions       :  Yes
  Merge Timing Exceptions                    :  Yes

  Corner  Analyze    Analyze    
  Name    Max Paths  Min Paths  
  ------  ---------  ---------  
  Slow    Yes        Yes        
  Fast    Yes        Yes        



check_timing report

Table of Contents
-----------------
1. checking no_clock
2. checking constant_clock
3. checking pulse_width_clock
4. checking unconstrained_internal_endpoints
5. checking no_input_delay
6. checking no_output_delay
7. checking multiple_clock
8. checking generated_clocks
9. checking loops
10. checking partial_input_delay
11. checking partial_output_delay
12. checking latch_loops

1. checking no_clock
--------------------
 There are 0 register/latch pins with no clock.


2. checking constant_clock
--------------------------
 There are 0 register/latch pins with constant_clock.


3. checking pulse_width_clock
-----------------------------
 There are 0 register/latch pins which need pulse_width check


4. checking unconstrained_internal_endpoints
--------------------------------------------
 There are 0 pins that are not constrained for maximum delay.

 There are 0 pins that are not constrained for maximum delay due to constant clock.


5. checking no_input_delay
--------------------------
 There are 37 input ports with no input delay specified. (HIGH)

 There are 0 input ports with no input delay but user has a false path constraint.


6. checking no_output_delay
---------------------------
 There are 41 ports with no output delay specified. (HIGH)

 There are 0 ports with no output delay but user has a false path constraint

 There are 0 ports with no output delay but with a timing clock defined on it or propagating through it


7. checking multiple_clock
--------------------------
 There are 0 register/latch pins with multiple clocks.


8. checking generated_clocks
----------------------------
 There are 0 generated clocks that are not connected to a clock source.


9. checking loops
-----------------
 There are 0 combinational loops in the design.


10. checking partial_input_delay
--------------------------------
 There are 0 input ports with partial input delay specified.


11. checking partial_output_delay
---------------------------------
 There are 0 ports with partial output delay specified.


12. checking latch_loops
------------------------
 There are 0 combinational latch loops in the design through latch input



------------------------------------------------------------------------------------------------
| Design Timing Summary
| ---------------------
------------------------------------------------------------------------------------------------

    WNS(ns)      TNS(ns)  TNS Failing Endpoints  TNS Total Endpoints     WPWS(ns)     TPWS(ns)  TPWS Failing Endpoints  TPWS Total Endpoints  
    -------      -------  ---------------------  -------------------     --------     --------  ----------------------  --------------------  
     -6.921     -732.547                    154                 3118        3.750        0.000                       0                   648  


Timing constraints are not met.


------------------------------------------------------------------------------------------------
| Clock Summary
| -------------
------------------------------------------------------------------------------------------------

Clock  Waveform(ns)       Period(ns)      Frequency(MHz)
-----  ------------       ----------      --------------
clk    {0.000 5.000}      10.000          100.000         


------------------------------------------------------------------------------------------------
| Intra Clock Table
| -----------------
------------------------------------------------------------------------------------------------

Clock             WNS(ns)      TNS(ns)  TNS Failing Endpoints  TNS Total Endpoints     WPWS(ns)     TPWS(ns)  TPWS Failing Endpoints  TPWS Total Endpoints  
-----             -------      -------  ---------------------  -------------------     --------     --------  ----------------------  --------------------  
clk                -6.921     -732.547                    154                 3118        3.750        0.000                       0                   648  


------------------------------------------------------------------------------------------------
| Inter Clock Table
| -----------------
------------------------------------------------------------------------------------------------

From Clock    To Clock          WNS(ns)      TNS(ns)  TNS Failing Endpoints  TNS Total Endpoints  
----------    --------          -------      -------  ---------------------  -------------------  


------------------------------------------------------------------------------------------------
| Other Path Groups Table
| -----------------------
------------------------------------------------------------------------------------------------

Path Group    From Clock    To Clock          WNS(ns)      TNS(ns)  TNS Failing Endpoints  TNS Total Endpoints  
----------    ----------    --------          -------      -------  ---------------------  -------------------  


------------------------------------------------------------------------------------------------
| User Ignored Path Table
| -----------------------
------------------------------------------------------------------------------------------------

Path Group    From Clock    To Clock    
----------    ----------    --------    


------------------------------------------------------------------------------------------------
| Unconstrained Path Table
| ------------------------
------------------------------------------------------------------------------------------------

Path Group    From Clock    To Clock    
----------    ----------    --------    
(none)                                    
(none)        clk                         
(none)                      clk           


------------------------------------------------------------------------------------------------
| Timing Details
| --------------
------------------------------------------------------------------------------------------------


---------------------------------------------------------------------------------------------------
From Clock:  clk
  To Clock:  clk

Setup :          154  Failing Endpoints,  Worst Slack       -6.921ns,  Total Violation     -732.547ns
Hold  :           NA  Failing Endpoints,  Worst Slack           NA  ,  Total Violation           NA
PW    :            0  Failing Endpoints,  Worst Slack        3.750ns,  Total Violation        0.000ns
---------------------------------------------------------------------------------------------------


Max Delay Paths
--------------------------------------------------------------------------------------
Slack (VIOLATED) :        -6.921ns  (required time - arrival time)
  Source:                 u_adapter/u_rowtile_buffer/out_data_reg_reg[14]/C
                            (rising edge-triggered cell FDRE clocked by clk  {rise@0.000ns fall@5.000ns period=10.000ns})
  Destination:            u_softmax/max_score_reg[21]/CE
                            (rising edge-triggered cell FDRE clocked by clk  {rise@0.000ns fall@5.000ns period=10.000ns})
  Path Group:             clk
  Path Type:              Setup (Max at Slow Process Corner)
  Requirement:            10.000ns  (clk rise@10.000ns - clk rise@0.000ns)
  Data Path Delay:        16.732ns  (logic 7.975ns (47.662%)  route 8.757ns (52.338%))
  Logic Levels:           42  (CARRY4=30 LUT2=1 LUT3=1 LUT4=2 LUT5=3 LUT6=5)
  Clock Path Skew:        0.052ns (DCD - SCD + CPR)
    Destination Clock Delay (DCD):    4.363ns = ( 14.363 - 10.000 ) 
    Source Clock Delay      (SCD):    4.560ns
    Clock Pessimism Removal (CPR):    0.249ns
  Clock Uncertainty:      0.035ns  ((TSJ^2 + TIJ^2)^1/2 + DJ) / 2 + PE
    Total System Jitter     (TSJ):    0.071ns
    Total Input Jitter      (TIJ):    0.000ns
    Discrete Jitter          (DJ):    0.000ns
    Phase Error              (PE):    0.000ns

    Location             Delay type                Incr(ns)  Path(ns)    Netlist Resource(s)
  -------------------------------------------------------------------    -------------------
                         (clock clk rise edge)        0.000     0.000 r  
    M18                                               0.000     0.000 r  clk (IN)
                         net (fo=0)                   0.000     0.000    clk
    M18                  IBUF (Prop_ibuf_I_O)         0.938     0.938 r  clk_IBUF_inst/O
                         net (fo=1, routed)           1.972     2.910    clk_IBUF
    BUFGCTRL_X0Y0        BUFG (Prop_bufg_I_O)         0.096     3.006 r  clk_IBUF_BUFG_inst/O
                         net (fo=649, routed)         1.554     4.560    u_adapter/u_rowtile_buffer/clk_IBUF_BUFG
    SLICE_X29Y96         FDRE                                         r  u_adapter/u_rowtile_buffer/out_data_reg_reg[14]/C
  -------------------------------------------------------------------    -------------------
    SLICE_X29Y96         FDRE (Prop_fdre_C_Q)         0.456     5.016 f  u_adapter/u_rowtile_buffer/out_data_reg_reg[14]/Q
                         net (fo=117, routed)         1.250     6.266    u_adapter/u_rowtile_buffer/row_data[14]
    SLICE_X33Y99         LUT5 (Prop_lut5_I2_O)        0.124     6.390 f  u_adapter/u_rowtile_buffer/i__carry__1_i_6__1/O
                         net (fo=4, routed)           0.587     6.977    u_adapter/u_rowtile_buffer/i__carry__1_i_6__1_n_0
    SLICE_X31Y99         LUT4 (Prop_lut4_I3_O)        0.124     7.101 r  u_adapter/u_rowtile_buffer/i__carry__1_i_2__1/O
                         net (fo=1, routed)           0.000     7.101    u_softmax/score_mem_reg_0_63_0_2_i_50_0[2]
    SLICE_X31Y99         CARRY4 (Prop_carry4_S[2]_CO[3])
                                                      0.398     7.499 r  u_softmax/magnitude1_inferred__0/i__carry__1/CO[3]
                         net (fo=1, routed)           0.001     7.499    u_softmax/magnitude1_inferred__0/i__carry__1_n_0
    SLICE_X31Y100        CARRY4 (Prop_carry4_CI_CO[3])
                                                      0.114     7.613 r  u_softmax/magnitude1_inferred__0/i__carry__2/CO[3]
                         net (fo=1, routed)           0.000     7.613    u_softmax/magnitude1_inferred__0/i__carry__2_n_0
    SLICE_X31Y101        CARRY4 (Prop_carry4_CI_CO[3])
                                                      0.114     7.727 r  u_softmax/magnitude1_inferred__0/i__carry__3/CO[3]
                         net (fo=1, routed)           0.000     7.727    u_softmax/magnitude1_inferred__0/i__carry__3_n_0
    SLICE_X31Y102        CARRY4 (Prop_carry4_CI_CO[3])
                                                      0.114     7.841 r  u_softmax/magnitude1_inferred__0/i__carry__4/CO[3]
                         net (fo=1, routed)           0.000     7.841    u_softmax/magnitude1_inferred__0/i__carry__4_n_0
    SLICE_X31Y103        CARRY4 (Prop_carry4_CI_CO[3])
                                                      0.114     7.955 r  u_softmax/magnitude1_inferred__0/i__carry__5/CO[3]
                         net (fo=1, routed)           0.000     7.955    u_softmax/magnitude1_inferred__0/i__carry__5_n_0
    SLICE_X31Y104        CARRY4 (Prop_carry4_CI_CO[3])
                                                      0.114     8.069 r  u_softmax/magnitude1_inferred__0/i__carry__6/CO[3]
                         net (fo=1, routed)           0.000     8.069    u_softmax/magnitude1_inferred__0/i__carry__6_n_0
    SLICE_X31Y105        CARRY4 (Prop_carry4_CI_CO[3])
                                                      0.114     8.183 r  u_softmax/magnitude1_inferred__0/i__carry__7/CO[3]
                         net (fo=1, routed)           0.000     8.183    u_softmax/magnitude1_inferred__0/i__carry__7_n_0
    SLICE_X31Y106        CARRY4 (Prop_carry4_CI_CO[3])
                                                      0.114     8.297 r  u_softmax/magnitude1_inferred__0/i__carry__8/CO[3]
                         net (fo=1, routed)           0.000     8.297    u_softmax/magnitude1_inferred__0/i__carry__8_n_0
    SLICE_X31Y107        CARRY4 (Prop_carry4_CI_CO[3])
                                                      0.114     8.411 r  u_softmax/magnitude1_inferred__0/i__carry__9/CO[3]
                         net (fo=1, routed)           0.000     8.411    u_softmax/magnitude1_inferred__0/i__carry__9_n_0
    SLICE_X31Y108        CARRY4 (Prop_carry4_CI_CO[3])
                                                      0.114     8.525 r  u_softmax/magnitude1_inferred__0/i__carry__10/CO[3]
                         net (fo=1, routed)           0.000     8.525    u_softmax/magnitude1_inferred__0/i__carry__10_n_0
    SLICE_X31Y109        CARRY4 (Prop_carry4_CI_CO[3])
                                                      0.114     8.639 r  u_softmax/magnitude1_inferred__0/i__carry__11/CO[3]
                         net (fo=1, routed)           0.000     8.639    u_softmax/magnitude1_inferred__0/i__carry__11_n_0
    SLICE_X31Y110        CARRY4 (Prop_carry4_CI_CO[3])
                                                      0.114     8.753 r  u_softmax/magnitude1_inferred__0/i__carry__12/CO[3]
                         net (fo=1, routed)           0.000     8.753    u_softmax/magnitude1_inferred__0/i__carry__12_n_0
    SLICE_X31Y111        CARRY4 (Prop_carry4_CI_CO[3])
                                                      0.114     8.867 r  u_softmax/magnitude1_inferred__0/i__carry__13/CO[3]
                         net (fo=1, routed)           0.000     8.867    u_softmax/magnitude1_inferred__0/i__carry__13_n_0
    SLICE_X31Y112        CARRY4 (Prop_carry4_CI_O[3])
                                                      0.313     9.180 f  u_softmax/magnitude1_inferred__0/i__carry__14/O[3]
                         net (fo=85, routed)          0.874    10.055    u_softmax/out_data_reg_reg[14][0]
    SLICE_X29Y106        LUT6 (Prop_lut6_I0_O)        0.306    10.361 f  u_softmax/score_mem_reg_0_63_6_8_i_24/O
                         net (fo=4, routed)           0.858    11.219    u_softmax/score_mem_reg_0_63_6_8_i_24_n_0
    SLICE_X29Y105        LUT6 (Prop_lut6_I0_O)        0.124    11.343 f  u_softmax/score_mem_reg_0_63_6_8_i_19/O
                         net (fo=5, routed)           0.753    12.096    u_softmax/score_mem_reg_0_63_6_8_i_19_n_0
    SLICE_X25Y105        LUT3 (Prop_lut3_I0_O)        0.124    12.220 f  u_softmax/score_mem_reg_0_63_3_5_i_37/O
                         net (fo=2, routed)           0.456    12.676    u_softmax/score_mem_reg_0_63_3_5_i_37_n_0
    SLICE_X25Y103        LUT6 (Prop_lut6_I3_O)        0.124    12.800 f  u_softmax/score_mem_reg_0_63_3_5_i_31/O
                         net (fo=1, routed)           0.283    13.083    u_adapter/u_rowtile_buffer/score_mem_reg_0_63_3_5_i_7_0
    SLICE_X27Y103        LUT6 (Prop_lut6_I4_O)        0.124    13.207 r  u_adapter/u_rowtile_buffer/score_mem_reg_0_63_3_5_i_22/O
                         net (fo=1, routed)           0.000    13.207    u_adapter/u_rowtile_buffer/u_softmax/p_0_in__0[6]
    SLICE_X27Y103        CARRY4 (Prop_carry4_S[1]_CO[3])
                                                      0.550    13.757 r  u_adapter/u_rowtile_buffer/score_mem_reg_0_63_3_5_i_7/CO[3]
                         net (fo=1, routed)           0.000    13.757    u_adapter/u_rowtile_buffer/score_mem_reg_0_63_3_5_i_7_n_0
    SLICE_X27Y104        CARRY4 (Prop_carry4_CI_CO[3])
                                                      0.114    13.871 r  u_adapter/u_rowtile_buffer/score_mem_reg_0_63_9_11_i_5/CO[3]
                         net (fo=1, routed)           0.000    13.871    u_adapter/u_rowtile_buffer/score_mem_reg_0_63_9_11_i_5_n_0
    SLICE_X27Y105        CARRY4 (Prop_carry4_CI_CO[3])
                                                      0.114    13.985 r  u_adapter/u_rowtile_buffer/score_mem_reg_0_63_12_14_i_6/CO[3]
                         net (fo=1, routed)           0.000    13.985    u_adapter/u_rowtile_buffer/score_mem_reg_0_63_12_14_i_6_n_0
    SLICE_X27Y106        CARRY4 (Prop_carry4_CI_CO[3])
                                                      0.114    14.099 r  u_adapter/u_rowtile_buffer/score_mem_reg_0_63_15_17_i_7/CO[3]
                         net (fo=1, routed)           0.000    14.099    u_adapter/u_rowtile_buffer/score_mem_reg_0_63_15_17_i_7_n_0
    SLICE_X27Y107        CARRY4 (Prop_carry4_CI_CO[3])
                                                      0.114    14.213 r  u_adapter/u_rowtile_buffer/score_mem_reg_0_63_21_23_i_5/CO[3]
                         net (fo=1, routed)           0.000    14.213    u_adapter/u_rowtile_buffer/score_mem_reg_0_63_21_23_i_5_n_0
    SLICE_X27Y108        CARRY4 (Prop_carry4_CI_CO[3])
                                                      0.114    14.327 r  u_adapter/u_rowtile_buffer/i__carry_i_12/CO[3]
                         net (fo=1, routed)           0.000    14.327    u_adapter/u_rowtile_buffer/i__carry_i_12_n_0
    SLICE_X27Y109        CARRY4 (Prop_carry4_CI_CO[3])
                                                      0.114    14.441 r  u_adapter/u_rowtile_buffer/i__carry_i_10/CO[3]
                         net (fo=1, routed)           0.000    14.441    u_adapter/u_rowtile_buffer/i__carry_i_10_n_0
    SLICE_X27Y110        CARRY4 (Prop_carry4_CI_CO[3])
                                                      0.114    14.555 r  u_adapter/u_rowtile_buffer/i__carry__0_i_12/CO[3]
                         net (fo=1, routed)           0.000    14.555    u_adapter/u_rowtile_buffer/i__carry__0_i_12_n_0
    SLICE_X27Y111        CARRY4 (Prop_carry4_CI_CO[3])
                                                      0.114    14.669 r  u_adapter/u_rowtile_buffer/i__carry__0_i_10/CO[3]
                         net (fo=1, routed)           0.000    14.669    u_adapter/u_rowtile_buffer/i__carry__0_i_10_n_0
    SLICE_X27Y112        CARRY4 (Prop_carry4_CI_CO[3])
                                                      0.114    14.783 r  u_adapter/u_rowtile_buffer/i__carry__1_i_12/CO[3]
                         net (fo=1, routed)           0.000    14.783    u_adapter/u_rowtile_buffer/i__carry__1_i_12_n_0
    SLICE_X27Y113        CARRY4 (Prop_carry4_CI_CO[3])
                                                      0.114    14.897 r  u_adapter/u_rowtile_buffer/i__carry__1_i_10/CO[3]
                         net (fo=1, routed)           0.000    14.897    u_adapter/u_rowtile_buffer/i__carry__1_i_10_n_0
    SLICE_X27Y114        CARRY4 (Prop_carry4_CI_CO[3])
                                                      0.114    15.011 r  u_adapter/u_rowtile_buffer/i__carry__2_i_12/CO[3]
                         net (fo=1, routed)           0.000    15.011    u_adapter/u_rowtile_buffer/i__carry__2_i_12_n_0
    SLICE_X27Y115        CARRY4 (Prop_carry4_CI_O[3])
                                                      0.313    15.324 f  u_adapter/u_rowtile_buffer/i__carry__2_i_10/O[3]
                         net (fo=4, routed)           0.806    16.130    u_adapter/u_rowtile_buffer/u_softmax/signed_value3[56]
    SLICE_X28Y114        LUT5 (Prop_lut5_I0_O)        0.306    16.436 r  u_adapter/u_rowtile_buffer/i__carry__3_i_7/O
                         net (fo=1, routed)           0.000    16.436    u_softmax/signed_value1_inferred__1/i__carry__4_1[1]
    SLICE_X28Y114        CARRY4 (Prop_carry4_S[1]_CO[3])
                                                      0.550    16.986 r  u_softmax/signed_value1_inferred__1/i__carry__3/CO[3]
                         net (fo=1, routed)           0.000    16.986    u_softmax/signed_value1_inferred__1/i__carry__3_n_0
    SLICE_X28Y115        CARRY4 (Prop_carry4_CI_CO[0])
                                                      0.271    17.257 r  u_softmax/signed_value1_inferred__1/i__carry__4/CO[0]
                         net (fo=16, routed)          0.544    17.801    u_softmax/out_data_reg_reg[15][0]
    SLICE_X33Y114        LUT2 (Prop_lut2_I0_O)        0.373    18.174 f  u_softmax/score_mem_reg_0_63_0_2_i_10/O
                         net (fo=14, routed)          0.737    18.911    u_adapter/u_rowtile_buffer/max_score_reg[1]
    SLICE_X32Y118        LUT6 (Prop_lut6_I0_O)        0.124    19.035 r  u_adapter/u_rowtile_buffer/score_mem_reg_0_63_21_23_i_2/O
                         net (fo=5, routed)           0.598    19.633    u_adapter/u_rowtile_buffer/p_1_in[22]
    SLICE_X32Y117        LUT4 (Prop_lut4_I2_O)        0.124    19.757 r  u_adapter/u_rowtile_buffer/max_score1_carry__1_i_5/O
                         net (fo=1, routed)           0.000    19.757    u_softmax/max_score_reg[0]_0[3]
    SLICE_X32Y117        CARRY4 (Prop_carry4_S[3]_CO[3])
                                                      0.401    20.158 r  u_softmax/max_score1_carry__1/CO[3]
                         net (fo=1, routed)           0.607    20.765    u_softmax/max_score1
    SLICE_X33Y118        LUT5 (Prop_lut5_I2_O)        0.124    20.889 r  u_softmax/max_score[23]_i_1/O
                         net (fo=24, routed)          0.403    21.292    u_softmax/max_score[23]_i_1_n_0
    SLICE_X33Y118        FDRE                                         r  u_softmax/max_score_reg[21]/CE
  -------------------------------------------------------------------    -------------------

                         (clock clk rise edge)       10.000    10.000 r  
    M18                                               0.000    10.000 r  clk (IN)
                         net (fo=0)                   0.000    10.000    clk
    M18                  IBUF (Prop_ibuf_I_O)         0.805    10.805 r  clk_IBUF_inst/O
                         net (fo=1, routed)           1.868    12.673    clk_IBUF
    BUFGCTRL_X0Y0        BUFG (Prop_bufg_I_O)         0.091    12.764 r  clk_IBUF_BUFG_inst/O
                         net (fo=649, routed)         1.599    14.363    u_softmax/clk_IBUF_BUFG
    SLICE_X33Y118        FDRE                                         r  u_softmax/max_score_reg[21]/C
                         clock pessimism              0.249    14.612    
                         clock uncertainty           -0.035    14.576    
    SLICE_X33Y118        FDRE (Setup_fdre_C_CE)      -0.205    14.371    u_softmax/max_score_reg[21]
  -------------------------------------------------------------------
                         required time                         14.371    
                         arrival time                         -21.292    
  -------------------------------------------------------------------
                         slack                                 -6.921    





Pulse Width Checks
--------------------------------------------------------------------------------------
Clock Name:         clk
Waveform(ns):       { 0.000 5.000 }
Period(ns):         10.000
Sources:            { clk }

Check Type        Corner  Lib Pin      Reference Pin  Required(ns)  Actual(ns)  Slack(ns)  Location       Pin
Min Period        n/a     BUFG/I       n/a            2.155         10.000      7.845      BUFGCTRL_X0Y0  clk_IBUF_BUFG_inst/I
Low Pulse Width   Fast    RAMD64E/CLK  n/a            1.250         5.000       3.750      SLICE_X30Y113  u_softmax/score_mem_reg_0_63_0_2/RAMA/CLK
High Pulse Width  Slow    RAMD64E/CLK  n/a            1.250         5.000       3.750      SLICE_X34Y115  u_softmax/score_mem_reg_0_63_3_5/RAMA/CLK



--------------------------------------------------------------------------------------
Path Group:  (none)
From Clock:  
  To Clock:  

Max Delay             2 Endpoints
Min Delay             0 Endpoints
--------------------------------------------------------------------------------------


Max Delay Paths
--------------------------------------------------------------------------------------
Slack:                    inf
  Source:                 prob_ready
                            (input port)
  Destination:            pipeline_done
                            (output port)
  Path Group:             (none)
  Path Type:              Max at Slow Process Corner
  Data Path Delay:        12.067ns  (logic 4.044ns (33.510%)  route 8.023ns (66.490%))
  Logic Levels:           4  (IBUF=1 LUT2=1 LUT5=1 OBUF=1)

    Location             Delay type                Incr(ns)  Path(ns)    Netlist Resource(s)
  -------------------------------------------------------------------    -------------------
    E19                                               0.000     0.000 r  prob_ready (IN)
                         net (fo=0)                   0.000     0.000    prob_ready
    E19                  IBUF (Prop_ibuf_I_O)         0.960     0.960 r  prob_ready_IBUF_inst/O
                         net (fo=2, routed)           3.635     4.594    u_softmax/prob_ready_IBUF
    SLICE_X16Y106        LUT5 (Prop_lut5_I4_O)        0.154     4.748 r  u_softmax/pipeline_done_OBUF_inst_i_2/O
                         net (fo=4, routed)           0.988     5.736    u_softmax/pipeline_done_OBUF_inst_i_2_n_0
    SLICE_X16Y102        LUT2 (Prop_lut2_I0_O)        0.327     6.063 r  u_softmax/pipeline_done_OBUF_inst_i_1/O
                         net (fo=1, routed)           3.401     9.464    pipeline_done_OBUF
    N1                   OBUF (Prop_obuf_I_O)         2.603    12.067 r  pipeline_done_OBUF_inst/O
                         net (fo=0)                   0.000    12.067    pipeline_done
    N1                                                                r  pipeline_done (OUT)
  -------------------------------------------------------------------    -------------------





--------------------------------------------------------------------------------------
Path Group:  (none)
From Clock:  clk
  To Clock:  

Max Delay            41 Endpoints
Min Delay             0 Endpoints
--------------------------------------------------------------------------------------


Max Delay Paths
--------------------------------------------------------------------------------------
Slack:                    inf
  Source:                 u_softmax/out_idx_reg[0]/C
                            (rising edge-triggered cell FDRE clocked by clk  {rise@0.000ns fall@5.000ns period=10.000ns})
  Destination:            prob_data[9]
                            (output port)
  Path Group:             (none)
  Path Type:              Max at Slow Process Corner
  Data Path Delay:        29.660ns  (logic 11.548ns (38.935%)  route 18.112ns (61.065%))
  Logic Levels:           15  (CARRY4=3 DSP48E1=2 LUT2=1 LUT3=1 LUT4=1 LUT5=2 LUT6=3 OBUF=1 RAMD64E=1)
  Clock Uncertainty:      0.025ns  ((TSJ^2 + TIJ^2)^1/2 + DJ) / 2 + PE
    Total System Jitter     (TSJ):    0.050ns
    Total Input Jitter      (TIJ):    0.000ns
    Discrete Jitter          (DJ):    0.000ns
    Phase Error              (PE):    0.000ns

    Location             Delay type                Incr(ns)  Path(ns)    Netlist Resource(s)
  -------------------------------------------------------------------    -------------------
                         (clock clk rise edge)        0.000     0.000 r  
    M18                                               0.000     0.000 r  clk (IN)
                         net (fo=0)                   0.000     0.000    clk
    M18                  IBUF (Prop_ibuf_I_O)         0.938     0.938 r  clk_IBUF_inst/O
                         net (fo=1, routed)           1.972     2.910    clk_IBUF
    BUFGCTRL_X0Y0        BUFG (Prop_bufg_I_O)         0.096     3.006 r  clk_IBUF_BUFG_inst/O
                         net (fo=649, routed)         1.740     4.746    u_softmax/clk_IBUF_BUFG
    SLICE_X16Y106        FDRE                                         r  u_softmax/out_idx_reg[0]/C
  -------------------------------------------------------------------    -------------------
    SLICE_X16Y106        FDRE (Prop_fdre_C_Q)         0.456     5.202 r  u_softmax/out_idx_reg[0]/Q
                         net (fo=42, routed)          2.348     7.550    u_softmax/exp_mem_reg_64_127_9_11/ADDRA0
    SLICE_X10Y110        RAMD64E (Prop_ramd64e_RADR0_O)
                                                      0.124     7.674 r  u_softmax/exp_mem_reg_64_127_9_11/RAMA/O
                         net (fo=1, routed)           0.797     8.471    u_softmax/exp_mem_reg_64_127_9_11_n_0
    SLICE_X11Y109        LUT3 (Prop_lut3_I0_O)        0.152     8.623 r  u_softmax/__14/probability_q153_i_8/O
                         net (fo=2, routed)           0.927     9.550    u_softmax/probability_q154[9]
    DSP48_X0Y42          DSP48E1 (Prop_dsp48e1_B[9]_PCOUT[47])
                                                      4.059    13.609 r  u_softmax/probability_q153/PCOUT[47]
                         net (fo=1, routed)           0.002    13.611    u_softmax/probability_q153_n_106
    DSP48_X0Y43          DSP48E1 (Prop_dsp48e1_PCIN[47]_P[11])
                                                      1.518    15.129 r  u_softmax/probability_q153__0/P[11]
                         net (fo=1, routed)           0.830    15.958    u_softmax/probability_q153__0_n_94
    SLICE_X11Y102        CARRY4 (Prop_carry4_S[0]_CO[3])
                                                      0.656    16.614 r  u_softmax/probability_q152_carry/CO[3]
                         net (fo=1, routed)           0.000    16.614    u_softmax/probability_q152_carry_n_0
    SLICE_X11Y103        CARRY4 (Prop_carry4_CI_CO[3])
                                                      0.114    16.728 r  u_softmax/probability_q152_carry__0/CO[3]
                         net (fo=1, routed)           0.000    16.728    u_softmax/probability_q152_carry__0_n_0
    SLICE_X11Y104        CARRY4 (Prop_carry4_CI_O[1])
                                                      0.334    17.062 f  u_softmax/probability_q152_carry__1/O[1]
                         net (fo=7, routed)           1.135    18.197    u_softmax/probability_rounded[37]
    SLICE_X14Y103        LUT2 (Prop_lut2_I1_O)        0.331    18.528 r  u_softmax/prob_data_OBUF[9]_inst_i_16/O
                         net (fo=3, routed)           0.870    19.399    u_softmax/prob_data_OBUF[9]_inst_i_16_n_0
    SLICE_X12Y103        LUT6 (Prop_lut6_I4_O)        0.348    19.747 f  u_softmax/prob_data_OBUF[13]_inst_i_5/O
                         net (fo=34, routed)          1.233    20.979    u_softmax/prob_data_OBUF[13]_inst_i_5_n_0
    SLICE_X14Y103        LUT4 (Prop_lut4_I1_O)        0.150    21.129 f  u_softmax/prob_data_OBUF[9]_inst_i_12/O
                         net (fo=1, routed)           0.793    21.922    u_softmax/prob_data_OBUF[9]_inst_i_12_n_0
    SLICE_X13Y103        LUT6 (Prop_lut6_I4_O)        0.328    22.250 r  u_softmax/prob_data_OBUF[9]_inst_i_3/O
                         net (fo=15, routed)          1.367    23.617    u_softmax/prob_data_OBUF[9]_inst_i_3_n_0
    SLICE_X14Y99         LUT5 (Prop_lut5_I2_O)        0.124    23.741 f  u_softmax/prob_data_OBUF[0]_inst_i_2/O
                         net (fo=3, routed)           0.877    24.618    u_softmax/prob_data_OBUF[0]_inst_i_2_n_0
    SLICE_X15Y99         LUT6 (Prop_lut6_I3_O)        0.124    24.742 f  u_softmax/prob_data_OBUF[9]_inst_i_4/O
                         net (fo=3, routed)           1.004    25.746    u_softmax/prob_data_OBUF[9]_inst_i_4_n_0
    SLICE_X17Y101        LUT5 (Prop_lut5_I3_O)        0.124    25.870 r  u_softmax/prob_data_OBUF[9]_inst_i_1/O
                         net (fo=1, routed)           5.930    31.800    prob_data_OBUF[9]
    W5                   OBUF (Prop_obuf_I_O)         2.606    34.406 r  prob_data_OBUF[9]_inst/O
                         net (fo=0)                   0.000    34.406    prob_data[9]
    W5                                                                r  prob_data[9] (OUT)
  -------------------------------------------------------------------    -------------------





--------------------------------------------------------------------------------------
Path Group:  (none)
From Clock:  
  To Clock:  clk

Max Delay           822 Endpoints
Min Delay             0 Endpoints
--------------------------------------------------------------------------------------


Max Delay Paths
--------------------------------------------------------------------------------------
Slack:                    inf
  Source:                 prob_ready
                            (input port)
  Destination:            u_softmax/proc_idx_reg[0]/CE
                            (rising edge-triggered cell FDRE clocked by clk  {rise@0.000ns fall@5.000ns period=10.000ns})
  Path Group:             (none)
  Path Type:              Setup (Max at Slow Process Corner)
  Data Path Delay:        9.140ns  (logic 1.801ns (19.704%)  route 7.339ns (80.296%))
  Logic Levels:           4  (IBUF=1 LUT4=1 LUT5=1 LUT6=1)
  Clock Path Skew:        4.367ns (DCD - SCD + CPR)
    Destination Clock Delay (DCD):    4.367ns
    Source Clock Delay      (SCD):    0.000ns
    Clock Pessimism Removal (CPR):    0.000ns

    Location             Delay type                Incr(ns)  Path(ns)    Netlist Resource(s)
  -------------------------------------------------------------------    -------------------
    E19                                               0.000     0.000 r  prob_ready (IN)
                         net (fo=0)                   0.000     0.000    prob_ready
    E19                  IBUF (Prop_ibuf_I_O)         0.960     0.960 r  prob_ready_IBUF_inst/O
                         net (fo=2, routed)           3.635     4.594    u_softmax/prob_ready_IBUF
    SLICE_X16Y106        LUT5 (Prop_lut5_I4_O)        0.154     4.748 r  u_softmax/pipeline_done_OBUF_inst_i_2/O
                         net (fo=4, routed)           1.018     5.766    u_softmax/pipeline_done_OBUF_inst_i_2_n_0
    SLICE_X17Y104        LUT4 (Prop_lut4_I3_O)        0.355     6.121 r  u_softmax/wr_count[7]_i_3/O
                         net (fo=8, routed)           1.047     7.169    u_softmax/wr_count[7]_i_3_n_0
    SLICE_X19Y110        LUT6 (Prop_lut6_I0_O)        0.332     7.501 r  u_softmax/proc_idx[6]_i_1/O
                         net (fo=7, routed)           1.639     9.140    u_softmax/proc_idx[6]_i_1_n_0
    SLICE_X31Y115        FDRE                                         r  u_softmax/proc_idx_reg[0]/CE
  -------------------------------------------------------------------    -------------------

                         (clock clk rise edge)        0.000     0.000 r  
    M18                                               0.000     0.000 r  clk (IN)
                         net (fo=0)                   0.000     0.000    clk
    M18                  IBUF (Prop_ibuf_I_O)         0.805     0.805 r  clk_IBUF_inst/O
                         net (fo=1, routed)           1.868     2.673    clk_IBUF
    BUFGCTRL_X0Y0        BUFG (Prop_bufg_I_O)         0.091     2.764 r  clk_IBUF_BUFG_inst/O
                         net (fo=649, routed)         1.603     4.367    u_softmax/clk_IBUF_BUFG
    SLICE_X31Y115        FDRE                                         r  u_softmax/proc_idx_reg[0]/C





