Copyright 1986-2019 Xilinx, Inc. All Rights Reserved.
------------------------------------------------------------------------------------------------------------------------------------------------------------------------------------------
| Tool Version : Vivado v.2019.2 (win64) Build 2708876 Wed Nov  6 21:40:23 MST 2019
| Date         : Sat Jul 18 15:49:24 2026
| Host         : lhm running 64-bit major release  (build 9200)
| Command      : report_timing_summary -delay_type max -report_unconstrained -file C:/lhming/2_Work/4-FPT/FPT_BC_QK_Softmax_PV_Delivery_v5/reports/bc_system_artix7/post_synth_timing.rpt
| Design       : qk_softmax_pv_system_top
| Device       : 7a100t-csg324
| Speed File   : -1  PRODUCTION 1.23 2018-06-13
------------------------------------------------------------------------------------------------------------------------------------------------------------------------------------------

Timing Summary Report

------------------------------------------------------------------------------------------------
| Timer Settings
| --------------
------------------------------------------------------------------------------------------------

  Enable Multi Corner Analysis               :  Yes
  Enable Pessimism Removal                   :  Yes
  Pessimism Removal Resolution               :  Nearest Common Node
  Enable Input Delay Default Clock           :  No
  Enable Preset / Clear Arcs                 :  No
  Disable Flight Delays                      :  No
  Ignore I/O Paths                           :  No
  Timing Early Launch at Borrowing Latches   :  No
  Borrow Time for Max Delay Exceptions       :  Yes
  Merge Timing Exceptions                    :  Yes

  Corner  Analyze    Analyze    
  Name    Max Paths  Min Paths  
  ------  ---------  ---------  
  Slow    Yes        Yes        
  Fast    Yes        Yes        



check_timing report

Table of Contents
-----------------
1. checking no_clock
2. checking constant_clock
3. checking pulse_width_clock
4. checking unconstrained_internal_endpoints
5. checking no_input_delay
6. checking no_output_delay
7. checking multiple_clock
8. checking generated_clocks
9. checking loops
10. checking partial_input_delay
11. checking partial_output_delay
12. checking latch_loops

1. checking no_clock
--------------------
 There are 0 register/latch pins with no clock.


2. checking constant_clock
--------------------------
 There are 0 register/latch pins with constant_clock.


3. checking pulse_width_clock
-----------------------------
 There are 0 register/latch pins which need pulse_width check


4. checking unconstrained_internal_endpoints
--------------------------------------------
 There are 0 pins that are not constrained for maximum delay.

 There are 0 pins that are not constrained for maximum delay due to constant clock.


5. checking no_input_delay
--------------------------
 There are 183 input ports with no input delay specified. (HIGH)

 There are 0 input ports with no input delay but user has a false path constraint.


6. checking no_output_delay
---------------------------
 There are 186 ports with no output delay specified. (HIGH)

 There are 0 ports with no output delay but user has a false path constraint

 There are 0 ports with no output delay but with a timing clock defined on it or propagating through it


7. checking multiple_clock
--------------------------
 There are 0 register/latch pins with multiple clocks.


8. checking generated_clocks
----------------------------
 There are 0 generated clocks that are not connected to a clock source.


9. checking loops
-----------------
 There are 0 combinational loops in the design.


10. checking partial_input_delay
--------------------------------
 There are 0 input ports with partial input delay specified.


11. checking partial_output_delay
---------------------------------
 There are 0 ports with partial output delay specified.


12. checking latch_loops
------------------------
 There are 0 combinational latch loops in the design through latch input



------------------------------------------------------------------------------------------------
| Design Timing Summary
| ---------------------
------------------------------------------------------------------------------------------------

    WNS(ns)      TNS(ns)  TNS Failing Endpoints  TNS Total Endpoints     WPWS(ns)     TPWS(ns)  TPWS Failing Endpoints  TPWS Total Endpoints  
    -------      -------  ---------------------  -------------------     --------     --------  ----------------------  --------------------  
      0.211        0.000                      0                45486        3.750        0.000                       0                 18106  


All user specified timing constraints are met.


------------------------------------------------------------------------------------------------
| Clock Summary
| -------------
------------------------------------------------------------------------------------------------

Clock  Waveform(ns)       Period(ns)      Frequency(MHz)
-----  ------------       ----------      --------------
clk    {0.000 5.000}      10.000          100.000         


------------------------------------------------------------------------------------------------
| Intra Clock Table
| -----------------
------------------------------------------------------------------------------------------------

Clock             WNS(ns)      TNS(ns)  TNS Failing Endpoints  TNS Total Endpoints     WPWS(ns)     TPWS(ns)  TPWS Failing Endpoints  TPWS Total Endpoints  
-----             -------      -------  ---------------------  -------------------     --------     --------  ----------------------  --------------------  
clk                 0.211        0.000                      0                45486        3.750        0.000                       0                 18106  


------------------------------------------------------------------------------------------------
| Inter Clock Table
| -----------------
------------------------------------------------------------------------------------------------

From Clock    To Clock          WNS(ns)      TNS(ns)  TNS Failing Endpoints  TNS Total Endpoints  
----------    --------          -------      -------  ---------------------  -------------------  


------------------------------------------------------------------------------------------------
| Other Path Groups Table
| -----------------------
------------------------------------------------------------------------------------------------

Path Group    From Clock    To Clock          WNS(ns)      TNS(ns)  TNS Failing Endpoints  TNS Total Endpoints  
----------    ----------    --------          -------      -------  ---------------------  -------------------  


------------------------------------------------------------------------------------------------
| User Ignored Path Table
| -----------------------
------------------------------------------------------------------------------------------------

Path Group    From Clock    To Clock    
----------    ----------    --------    


------------------------------------------------------------------------------------------------
| Unconstrained Path Table
| ------------------------
------------------------------------------------------------------------------------------------

Path Group    From Clock    To Clock    
----------    ----------    --------    
(none)                                    
(none)        clk                         
(none)                      clk           


------------------------------------------------------------------------------------------------
| Timing Details
| --------------
------------------------------------------------------------------------------------------------


---------------------------------------------------------------------------------------------------
From Clock:  clk
  To Clock:  clk

Setup :            0  Failing Endpoints,  Worst Slack        0.211ns,  Total Violation        0.000ns
Hold  :           NA  Failing Endpoints,  Worst Slack           NA  ,  Total Violation           NA
PW    :            0  Failing Endpoints,  Worst Slack        3.750ns,  Total Violation        0.000ns
---------------------------------------------------------------------------------------------------


Max Delay Paths
--------------------------------------------------------------------------------------
Slack (MET) :             0.211ns  (required time - arrival time)
  Source:                 u_pipeline/u_b_pipeline/u_frontend/u_softmax/out_idx_reg[0]/C
                            (rising edge-triggered cell FDRE clocked by clk  {rise@0.000ns fall@5.000ns period=10.000ns})
  Destination:            u_pipeline/u_b_pipeline/u_frontend/u_softmax/probability_product_reg_reg[28]/D
                            (rising edge-triggered cell FDRE clocked by clk  {rise@0.000ns fall@5.000ns period=10.000ns})
  Path Group:             clk
  Path Type:              Setup (Max at Slow Process Corner)
  Requirement:            10.000ns  (clk rise@10.000ns - clk rise@0.000ns)
  Data Path Delay:        9.656ns  (logic 6.274ns (64.977%)  route 3.382ns (35.023%))
  Logic Levels:           5  (DSP48E1=2 LUT2=1 LUT3=1 RAMD64E=1)
  Clock Path Skew:        -0.049ns (DCD - SCD + CPR)
    Destination Clock Delay (DCD):    0.924ns = ( 10.924 - 10.000 ) 
    Source Clock Delay      (SCD):    0.973ns
    Clock Pessimism Removal (CPR):    0.000ns
  Clock Uncertainty:      0.035ns  ((TSJ^2 + TIJ^2)^1/2 + DJ) / 2 + PE
    Total System Jitter     (TSJ):    0.071ns
    Total Input Jitter      (TIJ):    0.000ns
    Discrete Jitter          (DJ):    0.000ns
    Phase Error              (PE):    0.000ns

    Location             Delay type                Incr(ns)  Path(ns)    Netlist Resource(s)
  -------------------------------------------------------------------    -------------------
                         (clock clk rise edge)        0.000     0.000 r  
                                                      0.000     0.000 r  clk (IN)
                         net (fo=18107, unset)        0.973     0.973    u_pipeline/u_b_pipeline/u_frontend/u_softmax/clk
                         FDRE                                         r  u_pipeline/u_b_pipeline/u_frontend/u_softmax/out_idx_reg[0]/C
  -------------------------------------------------------------------    -------------------
                         FDRE (Prop_fdre_C_Q)         0.362     1.335 r  u_pipeline/u_b_pipeline/u_frontend/u_softmax/out_idx_reg[0]/Q
                         net (fo=43, unplaced)        1.044     2.379    u_pipeline/u_b_pipeline/u_frontend/u_softmax/exp_mem_reg_64_127_15_15/DPRA0
                         RAMD64E (Prop_ramd64e_RADR0_O)
                                                      0.295     2.674 r  u_pipeline/u_b_pipeline/u_frontend/u_softmax/exp_mem_reg_64_127_15_15/DP/O
                         net (fo=1, unplaced)         0.732     3.406    u_pipeline/u_b_pipeline/u_frontend/u_softmax/exp_mem_reg_64_127_15_15_n_0
                         LUT3 (Prop_lut3_I0_O)        0.124     3.530 r  u_pipeline/u_b_pipeline/u_frontend/u_softmax/probability_product_reg0_i_2/O
                         net (fo=2, unplaced)         0.803     4.333    u_pipeline/u_b_pipeline/u_frontend/u_softmax/probability_product_reg1[15]
                         DSP48E1 (Prop_dsp48e1_B[15]_PCOUT[47])
                                                      3.851     8.184 r  u_pipeline/u_b_pipeline/u_frontend/u_softmax/probability_product_reg0/PCOUT[47]
                         net (fo=1, unplaced)         0.000     8.184    u_pipeline/u_b_pipeline/u_frontend/u_softmax/probability_product_reg0_n_106
                         DSP48E1 (Prop_dsp48e1_PCIN[47]_P[11])
                                                      1.518     9.702 r  u_pipeline/u_b_pipeline/u_frontend/u_softmax/probability_product_reg0__0/P[11]
                         net (fo=1, unplaced)         0.803    10.505    u_pipeline/u_b_pipeline/u_frontend/u_softmax/probability_product_reg0__0_n_94
                         LUT2 (Prop_lut2_I0_O)        0.124    10.629 r  u_pipeline/u_b_pipeline/u_frontend/u_softmax/probability_product_reg[28]_i_1/O
                         net (fo=1, unplaced)         0.000    10.629    u_pipeline/u_b_pipeline/u_frontend/u_softmax/probability_product_reg[28]_i_1_n_0
                         FDRE                                         r  u_pipeline/u_b_pipeline/u_frontend/u_softmax/probability_product_reg_reg[28]/D
  -------------------------------------------------------------------    -------------------

                         (clock clk rise edge)       10.000    10.000 r  
                                                      0.000    10.000 r  clk (IN)
                         net (fo=18107, unset)        0.924    10.924    u_pipeline/u_b_pipeline/u_frontend/u_softmax/clk
                         FDRE                                         r  u_pipeline/u_b_pipeline/u_frontend/u_softmax/probability_product_reg_reg[28]/C
                         clock pessimism              0.000    10.924    
                         clock uncertainty           -0.035    10.889    
                         FDRE (Setup_fdre_C_D)       -0.049    10.840    u_pipeline/u_b_pipeline/u_frontend/u_softmax/probability_product_reg_reg[28]
  -------------------------------------------------------------------
                         required time                         10.840    
                         arrival time                         -10.629    
  -------------------------------------------------------------------
                         slack                                  0.211    





Pulse Width Checks
--------------------------------------------------------------------------------------
Clock Name:         clk
Waveform(ns):       { 0.000 5.000 }
Period(ns):         10.000
Sources:            { clk }

Check Type        Corner  Lib Pin             Reference Pin  Required(ns)  Actual(ns)  Slack(ns)  Location  Pin
Min Period        n/a     RAMB36E1/CLKARDCLK  n/a            3.363         10.000      6.637                u_v_cache/v_mem_reg_1_17/CLKARDCLK
Low Pulse Width   Fast    RAMD64E/CLK         n/a            1.250         5.000       3.750                u_pipeline/u_b_pipeline/u_frontend/u_softmax/exp_mem_reg_0_63_0_2/RAMA/CLK
High Pulse Width  Slow    RAMD64E/CLK         n/a            1.250         5.000       3.750                u_pipeline/u_b_pipeline/u_frontend/u_softmax/exp_mem_reg_0_63_0_2/RAMA/CLK



--------------------------------------------------------------------------------------
Path Group:  (none)
From Clock:  
  To Clock:  

Max Delay             1 Endpoint
Min Delay             0 Endpoints
--------------------------------------------------------------------------------------


Max Delay Paths
--------------------------------------------------------------------------------------
Slack:                    inf
  Source:                 rst_n
                            (input port)
  Destination:            v_load_ready
                            (output port)
  Path Group:             (none)
  Path Type:              Max at Slow Process Corner
  Data Path Delay:        0.973ns  (logic 0.000ns (0.000%)  route 0.973ns (100.000%))
  Logic Levels:           0  

    Location             Delay type                Incr(ns)  Path(ns)    Netlist Resource(s)
  -------------------------------------------------------------------    -------------------
                                                      0.000     0.000 r  rst_n (IN)
                         net (fo=378, unset)          0.973     0.973    rst_n
                                                                      r  v_load_ready (OUT)
  -------------------------------------------------------------------    -------------------





--------------------------------------------------------------------------------------
Path Group:  (none)
From Clock:  clk
  To Clock:  

Max Delay           186 Endpoints
Min Delay             0 Endpoints
--------------------------------------------------------------------------------------


Max Delay Paths
--------------------------------------------------------------------------------------
Slack:                    inf
  Source:                 u_pipeline/u_b_pipeline/u_frontend/u_adapter/u_rowtile_buffer/fill_count_reg[1]/C
                            (rising edge-triggered cell FDRE clocked by clk  {rise@0.000ns fall@5.000ns period=10.000ns})
  Destination:            busy
                            (output port)
  Path Group:             (none)
  Path Type:              Max at Slow Process Corner
  Data Path Delay:        7.088ns  (logic 1.633ns (23.039%)  route 5.455ns (76.961%))
  Logic Levels:           9  (LUT2=4 LUT3=3 LUT4=1 LUT6=1)
  Clock Uncertainty:      0.025ns  ((TSJ^2 + TIJ^2)^1/2 + DJ) / 2 + PE
    Total System Jitter     (TSJ):    0.050ns
    Total Input Jitter      (TIJ):    0.000ns
    Discrete Jitter          (DJ):    0.000ns
    Phase Error              (PE):    0.000ns

    Location             Delay type                Incr(ns)  Path(ns)    Netlist Resource(s)
  -------------------------------------------------------------------    -------------------
                         (clock clk rise edge)        0.000     0.000 r  
                                                      0.000     0.000 r  clk (IN)
                         net (fo=18107, unset)        0.973     0.973    u_pipeline/u_b_pipeline/u_frontend/u_adapter/u_rowtile_buffer/clk
                         FDRE                                         r  u_pipeline/u_b_pipeline/u_frontend/u_adapter/u_rowtile_buffer/fill_count_reg[1]/C
  -------------------------------------------------------------------    -------------------
                         FDRE (Prop_fdre_C_Q)         0.362     1.335 r  u_pipeline/u_b_pipeline/u_frontend/u_adapter/u_rowtile_buffer/fill_count_reg[1]/Q
                         net (fo=10, unplaced)        0.806     2.141    u_pipeline/u_b_pipeline/u_frontend/u_adapter/u_rowtile_buffer/fill_count_reg__4[1]
                         LUT4 (Prop_lut4_I1_O)        0.295     2.436 r  u_pipeline/u_b_pipeline/u_frontend/u_adapter/u_rowtile_buffer/busy_INST_0_i_4/O
                         net (fo=1, unplaced)         0.449     2.885    u_pipeline/u_b_pipeline/u_frontend/u_adapter/u_rowtile_buffer/busy_INST_0_i_4_n_0
                         LUT6 (Prop_lut6_I5_O)        0.124     3.009 r  u_pipeline/u_b_pipeline/u_frontend/u_adapter/u_rowtile_buffer/busy_INST_0_i_2/O
                         net (fo=2, unplaced)         0.460     3.469    u_pipeline/u_b_pipeline/u_frontend/u_adapter/u_rowtile_buffer/busy_INST_0_i_2_n_0
                         LUT2 (Prop_lut2_I1_O)        0.124     3.593 f  u_pipeline/u_b_pipeline/u_frontend/u_adapter/u_rowtile_buffer/busy_INST_0_i_1/O
                         net (fo=8, unplaced)         0.487     4.080    u_pipeline/u_b_pipeline/u_frontend/u_adapter/u_rowtile_buffer/busy_INST_0_i_1_n_0
                         LUT3 (Prop_lut3_I2_O)        0.116     4.196 r  u_pipeline/u_b_pipeline/u_frontend/u_adapter/u_rowtile_buffer/busy_INST_0/O
                         net (fo=1, unplaced)         0.449     4.645    u_pipeline/u_b_pipeline/u_frontend/u_adapter/buffer_busy
                         LUT3 (Prop_lut3_I2_O)        0.124     4.769 r  u_pipeline/u_b_pipeline/u_frontend/u_adapter/busy_INST_0/O
                         net (fo=1, unplaced)         0.449     5.218    u_pipeline/u_b_pipeline/u_frontend/adapter_busy
                         LUT2 (Prop_lut2_I0_O)        0.124     5.342 r  u_pipeline/u_b_pipeline/u_frontend/busy_INST_0/O
                         net (fo=7, unplaced)         0.484     5.826    u_pipeline/u_b_pipeline/frontend_busy
                         LUT2 (Prop_lut2_I1_O)        0.116     5.942 r  u_pipeline/u_b_pipeline/pipeline_busy_INST_0/O
                         net (fo=1, unplaced)         0.449     6.391    u_pipeline/b_pipeline_busy
                         LUT3 (Prop_lut3_I1_O)        0.124     6.515 r  u_pipeline/busy_INST_0/O
                         net (fo=1, unplaced)         0.449     6.964    pipeline_busy
                         LUT2 (Prop_lut2_I0_O)        0.124     7.088 r  busy_INST_0/O
                         net (fo=0)                   0.973     8.061    busy
                                                                      r  busy (OUT)
  -------------------------------------------------------------------    -------------------





--------------------------------------------------------------------------------------
Path Group:  (none)
From Clock:  
  To Clock:  clk

Max Delay          7125 Endpoints
Min Delay             0 Endpoints
--------------------------------------------------------------------------------------


Max Delay Paths
--------------------------------------------------------------------------------------
Slack:                    inf
  Source:                 pv_vec_ready
                            (input port)
  Destination:            u_v_cache/v_mem_reg_0_0/ENBWREN
                            (rising edge-triggered cell RAMB36E1 clocked by clk  {rise@0.000ns fall@5.000ns period=10.000ns})
  Path Group:             (none)
  Path Type:              Setup (Max at Slow Process Corner)
  Data Path Delay:        3.132ns  (logic 0.364ns (11.622%)  route 2.768ns (88.378%))
  Logic Levels:           3  (LUT4=2 LUT6=1)
  Clock Path Skew:        0.924ns (DCD - SCD + CPR)
    Destination Clock Delay (DCD):    0.924ns
    Source Clock Delay      (SCD):    0.000ns
    Clock Pessimism Removal (CPR):    0.000ns

    Location             Delay type                Incr(ns)  Path(ns)    Netlist Resource(s)
  -------------------------------------------------------------------    -------------------
                                                      0.000     0.000 r  pv_vec_ready (IN)
                         net (fo=5, unset)            0.973     0.973    u_pipeline/u_c_backend/u_loader/vec_ready
                         LUT6 (Prop_lut6_I0_O)        0.124     1.097 f  u_pipeline/u_c_backend/u_loader/p_req_valid_INST_0_i_1/O
                         net (fo=30, unplaced)        0.519     1.616    u_pipeline/u_c_backend/u_loader/p_req_valid_INST_0_i_1_n_0
                         LUT4 (Prop_lut4_I3_O)        0.116     1.732 r  u_pipeline/u_c_backend/u_loader/v_req_valid_INST_0/O
                         net (fo=4, unplaced)         0.473     2.205    u_v_cache/req_valid
                         LUT4 (Prop_lut4_I0_O)        0.124     2.329 r  u_v_cache/v_mem_reg_1_10_i_2/O
                         net (fo=22, unplaced)        0.803     3.132    u_v_cache/v_mem_reg_1_10_i_2_n_0
                         RAMB36E1                                     r  u_v_cache/v_mem_reg_0_0/ENBWREN
  -------------------------------------------------------------------    -------------------

                         (clock clk rise edge)        0.000     0.000 r  
                                                      0.000     0.000 r  clk (IN)
                         net (fo=18107, unset)        0.924     0.924    u_v_cache/clk
                         RAMB36E1                                     r  u_v_cache/v_mem_reg_0_0/CLKBWRCLK





